Connecting to database specified by database.yml
Connecting to database specified by database.yml
Connecting to database specified by database.yml
Connecting to database specified by database.yml


Started GET "/post" for 127.0.0.1 at 2013-11-24 10:49:41 +0530

ActionController::RoutingError (No route matches [GET] "/post"):
  actionpack (3.2.13) lib/action_dispatch/middleware/debug_exceptions.rb:21:in `call'
  actionpack (3.2.13) lib/action_dispatch/middleware/show_exceptions.rb:56:in `call'
  railties (3.2.13) lib/rails/rack/logger.rb:32:in `call_app'
  railties (3.2.13) lib/rails/rack/logger.rb:16:in `block in call'
  activesupport (3.2.13) lib/active_support/tagged_logging.rb:22:in `tagged'
  railties (3.2.13) lib/rails/rack/logger.rb:16:in `call'
  actionpack (3.2.13) lib/action_dispatch/middleware/request_id.rb:22:in `call'
  rack (1.4.5) lib/rack/methodoverride.rb:21:in `call'
  rack (1.4.5) lib/rack/runtime.rb:17:in `call'
  activesupport (3.2.13) lib/active_support/cache/strategy/local_cache.rb:72:in `call'
  rack (1.4.5) lib/rack/lock.rb:15:in `call'
  actionpack (3.2.13) lib/action_dispatch/middleware/static.rb:63:in `call'
  railties (3.2.13) lib/rails/engine.rb:479:in `call'
  railties (3.2.13) lib/rails/application.rb:223:in `call'
  rack (1.4.5) lib/rack/content_length.rb:14:in `call'
  railties (3.2.13) lib/rails/rack/log_tailer.rb:17:in `call'
  rack (1.4.5) lib/rack/handler/webrick.rb:59:in `service'
  /home/lalit/.rvm/rubies/ruby-1.9.3-p374/lib/ruby/1.9.1/webrick/httpserver.rb:138:in `service'
  /home/lalit/.rvm/rubies/ruby-1.9.3-p374/lib/ruby/1.9.1/webrick/httpserver.rb:94:in `run'
  /home/lalit/.rvm/rubies/ruby-1.9.3-p374/lib/ruby/1.9.1/webrick/server.rb:191:in `block in start_thread'


  Rendered /home/lalit/.rvm/gems/ruby-1.9.3-p374/gems/actionpack-3.2.13/lib/action_dispatch/middleware/templates/rescues/routing_error.erb within rescues/layout (11.8ms)


Started GET "/posts" for 127.0.0.1 at 2013-11-24 10:49:45 +0530
Processing by PostsController#index as HTML
Mysql2::Error: Table 'ajax_demo.posts' doesn't exist: SHOW FULL FIELDS FROM `posts`
Completed 500 Internal Server Error in 188ms

ActiveRecord::StatementInvalid (Mysql2::Error: Table 'ajax_demo.posts' doesn't exist: SHOW FULL FIELDS FROM `posts`):
  app/controllers/posts_controller.rb:5:in `index'


  Rendered /home/lalit/.rvm/gems/ruby-1.9.3-p374/gems/actionpack-3.2.13/lib/action_dispatch/middleware/templates/rescues/_trace.erb (1.2ms)
  Rendered /home/lalit/.rvm/gems/ruby-1.9.3-p374/gems/actionpack-3.2.13/lib/action_dispatch/middleware/templates/rescues/_request_and_response.erb (0.9ms)
  Rendered /home/lalit/.rvm/gems/ruby-1.9.3-p374/gems/actionpack-3.2.13/lib/action_dispatch/middleware/templates/rescues/diagnostics.erb within rescues/layout (8.7ms)
Connecting to database specified by database.yml
  [1m[36m (155.7ms)[0m  [1mCREATE TABLE `schema_migrations` (`version` varchar(255) NOT NULL) ENGINE=InnoDB[0m
  [1m[35m (220.3ms)[0m  CREATE UNIQUE INDEX `unique_schema_migrations` ON `schema_migrations` (`version`)
  [1m[36m (3.1ms)[0m  [1mSELECT `schema_migrations`.`version` FROM `schema_migrations` [0m
Migrating to CreatePosts (20131124051920)
  [1m[35m (144.0ms)[0m  CREATE TABLE `posts` (`id` int(11) DEFAULT NULL auto_increment PRIMARY KEY, `title` varchar(255), `content` text, `created_at` datetime NOT NULL, `updated_at` datetime NOT NULL) ENGINE=InnoDB
  [1m[36m (54.3ms)[0m  [1mINSERT INTO `schema_migrations` (`version`) VALUES ('20131124051920')[0m
  [1m[35m (0.4ms)[0m  SELECT `schema_migrations`.`version` FROM `schema_migrations` 
Connecting to database specified by database.yml


Started GET "/posts" for 127.0.0.1 at 2013-11-24 10:50:20 +0530
Processing by PostsController#index as HTML
  [1m[36mPost Load (0.4ms)[0m  [1mSELECT `posts`.* FROM `posts` [0m
  Rendered posts/index.html.erb within layouts/application (3.3ms)
Compiled posts.css  (46ms)  (pid 8400)
Compiled scaffolds.css  (12ms)  (pid 8400)
Compiled application.css  (98ms)  (pid 8400)
Compiled jquery.js  (2ms)  (pid 8400)
Compiled jquery_ujs.js  (0ms)  (pid 8400)
Compiled posts.js  (658ms)  (pid 8400)
Compiled application.js  (757ms)  (pid 8400)
Completed 200 OK in 1081ms (Views: 1029.4ms | ActiveRecord: 2.5ms)


Started GET "/assets/application.css?body=1" for 127.0.0.1 at 2013-11-24 10:50:21 +0530
Served asset /application.css - 200 OK (42ms)


Started GET "/assets/posts.css?body=1" for 127.0.0.1 at 2013-11-24 10:50:21 +0530
Served asset /posts.css - 200 OK (3ms)


Started GET "/assets/scaffolds.css?body=1" for 127.0.0.1 at 2013-11-24 10:50:21 +0530
Served asset /scaffolds.css - 200 OK (3ms)


Started GET "/assets/jquery.js?body=1" for 127.0.0.1 at 2013-11-24 10:50:21 +0530
Served asset /jquery.js - 200 OK (7ms)


Started GET "/assets/jquery_ujs.js?body=1" for 127.0.0.1 at 2013-11-24 10:50:21 +0530
Served asset /jquery_ujs.js - 200 OK (6ms)


Started GET "/assets/posts.js?body=1" for 127.0.0.1 at 2013-11-24 10:50:21 +0530
Served asset /posts.js - 200 OK (4ms)


Started GET "/assets/application.js?body=1" for 127.0.0.1 at 2013-11-24 10:50:21 +0530
Served asset /application.js - 200 OK (8ms)


Started GET "/posts/new" for 127.0.0.1 at 2013-11-24 10:50:23 +0530
Processing by PostsController#new as HTML
  Rendered posts/_form.html.erb (45.5ms)
  Rendered posts/new.html.erb within layouts/application (72.7ms)
Completed 200 OK in 91ms (Views: 84.5ms | ActiveRecord: 0.0ms)


Started POST "/posts" for 127.0.0.1 at 2013-11-24 10:50:36 +0530
Processing by PostsController#create as HTML
  Parameters: {"utf8"=>"✓", "authenticity_token"=>"gzu90ZQIbRJznELHtGSSqojqUeI9GVethZHVnkL2dI8=", "post"=>{"title"=>"first post", "content"=>"Hello from post"}, "commit"=>"Create Post"}
  [1m[35m (0.3ms)[0m  BEGIN
  [1m[36mSQL (0.6ms)[0m  [1mINSERT INTO `posts` (`content`, `created_at`, `title`, `updated_at`) VALUES ('Hello from post', '2013-11-24 05:20:36', 'first post', '2013-11-24 05:20:36')[0m
  [1m[35m (61.6ms)[0m  COMMIT
Redirected to http://localhost:3000/posts/1
Completed 302 Found in 199ms (ActiveRecord: 62.4ms)


Started GET "/posts/1" for 127.0.0.1 at 2013-11-24 10:50:37 +0530
Processing by PostsController#show as HTML
  Parameters: {"id"=>"1"}
  [1m[36mPost Load (0.6ms)[0m  [1mSELECT `posts`.* FROM `posts` WHERE `posts`.`id` = 1 LIMIT 1[0m
  Rendered posts/show.html.erb within layouts/application (2.3ms)
Completed 200 OK in 20ms (Views: 14.8ms | ActiveRecord: 0.6ms)


Started GET "/assets/posts.css?body=1" for 127.0.0.1 at 2013-11-24 10:50:37 +0530
Served asset /posts.css - 304 Not Modified (3ms)


Started GET "/assets/scaffolds.css?body=1" for 127.0.0.1 at 2013-11-24 10:50:37 +0530
Served asset /scaffolds.css - 304 Not Modified (0ms)


Started GET "/assets/posts.js?body=1" for 127.0.0.1 at 2013-11-24 10:50:37 +0530
Served asset /posts.js - 304 Not Modified (0ms)


Started GET "/posts" for 127.0.0.1 at 2013-11-24 10:50:39 +0530
Processing by PostsController#index as HTML
  [1m[35mPost Load (0.5ms)[0m  SELECT `posts`.* FROM `posts` 
  Rendered posts/index.html.erb within layouts/application (1.2ms)
Completed 200 OK in 14ms (Views: 11.5ms | ActiveRecord: 0.5ms)


Started GET "/assets/scaffolds.css?body=1" for 127.0.0.1 at 2013-11-24 10:50:39 +0530
Served asset /scaffolds.css - 304 Not Modified (0ms)


Started GET "/assets/posts.js?body=1" for 127.0.0.1 at 2013-11-24 10:50:39 +0530
Served asset /posts.js - 304 Not Modified (0ms)


Started GET "/assets/posts.css?body=1" for 127.0.0.1 at 2013-11-24 10:50:39 +0530
Served asset /posts.css - 304 Not Modified (0ms)


Started GET "/posts" for 127.0.0.1 at 2013-11-24 10:50:48 +0530
Processing by PostsController#index as HTML
  [1m[36mPost Load (0.2ms)[0m  [1mSELECT `posts`.* FROM `posts` [0m
  Rendered posts/index.html.erb within layouts/application (1.5ms)
Completed 200 OK in 16ms (Views: 14.7ms | ActiveRecord: 0.2ms)


Started GET "/assets/application.css?body=1" for 127.0.0.1 at 2013-11-24 10:50:48 +0530
Served asset /application.css - 304 Not Modified (2ms)


Started GET "/assets/posts.css?body=1" for 127.0.0.1 at 2013-11-24 10:50:48 +0530
Served asset /posts.css - 304 Not Modified (0ms)


Started GET "/assets/posts.js?body=1" for 127.0.0.1 at 2013-11-24 10:50:48 +0530
Served asset /posts.js - 304 Not Modified (0ms)


Started GET "/assets/scaffolds.css?body=1" for 127.0.0.1 at 2013-11-24 10:50:48 +0530
Served asset /scaffolds.css - 304 Not Modified (0ms)


Started GET "/assets/application.js?body=1" for 127.0.0.1 at 2013-11-24 10:50:48 +0530
Served asset /application.js - 304 Not Modified (2ms)


Started GET "/posts/new" for 127.0.0.1 at 2013-11-24 10:52:07 +0530
Processing by PostsController#new as HTML
  Rendered posts/_form.html.erb (2.2ms)
  Rendered posts/new.html.erb within layouts/application (2.9ms)
Completed 200 OK in 15ms (Views: 14.5ms | ActiveRecord: 0.0ms)


Started GET "/assets/application.css?body=1" for 127.0.0.1 at 2013-11-24 10:52:07 +0530
Served asset /application.css - 304 Not Modified (6ms)


Started GET "/assets/posts.css?body=1" for 127.0.0.1 at 2013-11-24 10:52:07 +0530
Served asset /posts.css - 304 Not Modified (0ms)


Started GET "/assets/scaffolds.css?body=1" for 127.0.0.1 at 2013-11-24 10:52:07 +0530
Served asset /scaffolds.css - 304 Not Modified (0ms)


Started GET "/assets/posts.js?body=1" for 127.0.0.1 at 2013-11-24 10:52:07 +0530
Served asset /posts.js - 304 Not Modified (0ms)


Started GET "/assets/application.js?body=1" for 127.0.0.1 at 2013-11-24 10:52:07 +0530
Served asset /application.js - 304 Not Modified (1ms)


Started GET "/posts" for 127.0.0.1 at 2013-11-24 10:56:20 +0530
Processing by PostsController#index as HTML
  [1m[35mPost Load (0.2ms)[0m  SELECT `posts`.* FROM `posts` 
  Rendered posts/index.html.erb within layouts/application (1.2ms)
Completed 200 OK in 18ms (Views: 15.8ms | ActiveRecord: 0.2ms)


Started GET "/assets/application.css?body=1" for 127.0.0.1 at 2013-11-24 10:56:20 +0530
Served asset /application.css - 304 Not Modified (0ms)


Started GET "/assets/posts.css?body=1" for 127.0.0.1 at 2013-11-24 10:56:20 +0530
Served asset /posts.css - 304 Not Modified (0ms)


Started GET "/assets/posts.js?body=1" for 127.0.0.1 at 2013-11-24 10:56:20 +0530
Served asset /posts.js - 304 Not Modified (0ms)


Started GET "/assets/scaffolds.css?body=1" for 127.0.0.1 at 2013-11-24 10:56:20 +0530
Served asset /scaffolds.css - 304 Not Modified (0ms)


Started GET "/assets/application.js?body=1" for 127.0.0.1 at 2013-11-24 10:56:20 +0530
Served asset /application.js - 304 Not Modified (3ms)


Started GET "/posts" for 127.0.0.1 at 2013-11-24 10:56:40 +0530
Processing by PostsController#index as HTML
  [1m[36mPost Load (0.2ms)[0m  [1mSELECT `posts`.* FROM `posts` [0m
  Rendered posts/index.html.erb within layouts/application (2.6ms)
Completed 500 Internal Server Error in 80ms

ActionController::RoutingError (No route matches {:action=>"edit", :controller=>"posts"}):
  app/views/layouts/application.html.erb:13:in `_app_views_layouts_application_html_erb__4095722590650089023_70067695142360'
  app/controllers/posts_controller.rb:7:in `index'


  Rendered /home/lalit/.rvm/gems/ruby-1.9.3-p374/gems/actionpack-3.2.13/lib/action_dispatch/middleware/templates/rescues/routing_error.erb within rescues/layout (0.7ms)


Started GET "/posts" for 127.0.0.1 at 2013-11-24 11:00:39 +0530
Processing by PostsController#index as HTML
  [1m[35mPost Load (0.2ms)[0m  SELECT `posts`.* FROM `posts` 
  Rendered posts/index.html.erb within layouts/application (2.1ms)
Completed 500 Internal Server Error in 69ms

ActionView::Template::Error (undefined local variable or method `user_update_time_path' for #<#<Class:0x007f73dc95e3e8>:0x007f73dc95b7d8>):
    10: <div id="datePanel">
    11: </div>
    12: <div>
    13: 	<%=link_to 'Update',user_update_time_path%>
    14: </div>
    15: <%= yield %>
    16: 
  app/views/layouts/application.html.erb:13:in `_app_views_layouts_application_html_erb__4095722590650089023_70067798696820'
  app/controllers/posts_controller.rb:7:in `index'


  Rendered /home/lalit/.rvm/gems/ruby-1.9.3-p374/gems/actionpack-3.2.13/lib/action_dispatch/middleware/templates/rescues/_trace.erb (1.3ms)
  Rendered /home/lalit/.rvm/gems/ruby-1.9.3-p374/gems/actionpack-3.2.13/lib/action_dispatch/middleware/templates/rescues/_request_and_response.erb (1.0ms)
  Rendered /home/lalit/.rvm/gems/ruby-1.9.3-p374/gems/actionpack-3.2.13/lib/action_dispatch/middleware/templates/rescues/template_error.erb within rescues/layout (10.4ms)


Started GET "/posts" for 127.0.0.1 at 2013-11-24 11:01:32 +0530
Processing by PostsController#index as HTML
  [1m[36mPost Load (0.2ms)[0m  [1mSELECT `posts`.* FROM `posts` [0m
  Rendered posts/index.html.erb within layouts/application (2.1ms)
Completed 500 Internal Server Error in 34ms

ActionView::Template::Error (undefined local variable or method `user_update_time_path' for #<#<Class:0x007f73dc6ab600>:0x007f73dc6a8180>):
    10: <div id="datePanel">
    11: </div>
    12: <div>
    13: 	<%=link_to 'Update',user_update_time_path%>
    14: </div>
    15: <%= yield %>
    16: 
  app/views/layouts/application.html.erb:13:in `_app_views_layouts_application_html_erb__4095722590650089023_70067798696820'
  app/controllers/posts_controller.rb:7:in `index'


  Rendered /home/lalit/.rvm/gems/ruby-1.9.3-p374/gems/actionpack-3.2.13/lib/action_dispatch/middleware/templates/rescues/_trace.erb (1.2ms)
  Rendered /home/lalit/.rvm/gems/ruby-1.9.3-p374/gems/actionpack-3.2.13/lib/action_dispatch/middleware/templates/rescues/_request_and_response.erb (0.9ms)
  Rendered /home/lalit/.rvm/gems/ruby-1.9.3-p374/gems/actionpack-3.2.13/lib/action_dispatch/middleware/templates/rescues/template_error.erb within rescues/layout (7.2ms)
Connecting to database specified by database.yml


Started GET "/posts" for 127.0.0.1 at 2013-11-24 11:05:04 +0530
Processing by PostsController#index as HTML
  [1m[36mPost Load (0.1ms)[0m  [1mSELECT `posts`.* FROM `posts` [0m
  Rendered posts/index.html.erb within layouts/application (4.8ms)
Completed 500 Internal Server Error in 164ms

ActionView::Template::Error (undefined local variable or method `user_update_time_path' for #<#<Class:0x00000002c53170>:0x00000002d4eea8>):
    10: <div id="datePanel">
    11: </div>
    12: <div>
    13: 	<%=link_to 'Update',user_update_time_path%>
    14: </div>
    15: <%= yield %>
    16: 
  app/views/layouts/application.html.erb:13:in `_app_views_layouts_application_html_erb__4559198646595303670_13611660'
  app/controllers/posts_controller.rb:7:in `index'


  Rendered /home/lalit/.rvm/gems/ruby-1.9.3-p374/gems/actionpack-3.2.13/lib/action_dispatch/middleware/templates/rescues/_trace.erb (1.2ms)
  Rendered /home/lalit/.rvm/gems/ruby-1.9.3-p374/gems/actionpack-3.2.13/lib/action_dispatch/middleware/templates/rescues/_request_and_response.erb (1.0ms)
  Rendered /home/lalit/.rvm/gems/ruby-1.9.3-p374/gems/actionpack-3.2.13/lib/action_dispatch/middleware/templates/rescues/template_error.erb within rescues/layout (7.5ms)


Started GET "/posts" for 127.0.0.1 at 2013-11-24 11:05:47 +0530
Processing by PostsController#index as HTML
  [1m[35mPost Load (0.3ms)[0m  SELECT `posts`.* FROM `posts` 
  Rendered posts/index.html.erb within layouts/application (8.2ms)
Completed 500 Internal Server Error in 12ms

ActionView::Template::Error (undefined local variable or method `user_update_time_path' for #<#<Class:0x00000002c53170>:0x007f81303c7e78>):
    2: <div id="datePanel">
    3: </div>
    4: <div>
    5:   <%=link_to 'Update',user_update_time_path%>
    6: </div>
    7: 
    8: <h1>Listing posts</h1>
  app/views/posts/index.html.erb:5:in `_app_views_posts_index_html_erb___1711019381121122920_70096418387420'
  app/controllers/posts_controller.rb:7:in `index'


  Rendered /home/lalit/.rvm/gems/ruby-1.9.3-p374/gems/actionpack-3.2.13/lib/action_dispatch/middleware/templates/rescues/_trace.erb (1.3ms)
  Rendered /home/lalit/.rvm/gems/ruby-1.9.3-p374/gems/actionpack-3.2.13/lib/action_dispatch/middleware/templates/rescues/_request_and_response.erb (0.9ms)
  Rendered /home/lalit/.rvm/gems/ruby-1.9.3-p374/gems/actionpack-3.2.13/lib/action_dispatch/middleware/templates/rescues/template_error.erb within rescues/layout (7.5ms)


Started GET "/posts" for 127.0.0.1 at 2013-11-24 11:06:02 +0530
Processing by PostsController#index as HTML
  [1m[36mPost Load (0.2ms)[0m  [1mSELECT `posts`.* FROM `posts` [0m
  Rendered posts/index.html.erb within layouts/application (4.1ms)
Completed 500 Internal Server Error in 30ms

ActionView::Template::Error (undefined local variable or method `user_update_time_path' for #<#<Class:0x00000002c53170>:0x007f8130b916e0>):
    10: <div id="datePanel">
    11: </div>
    12: <div>
    13: 	<%=link_to 'Update',user_update_time_path%>
    14: </div>
    15: <%= yield %>
    16: 
  app/views/layouts/application.html.erb:13:in `_app_views_layouts_application_html_erb__4559198646595303670_13611660'
  app/controllers/posts_controller.rb:7:in `index'


  Rendered /home/lalit/.rvm/gems/ruby-1.9.3-p374/gems/actionpack-3.2.13/lib/action_dispatch/middleware/templates/rescues/_trace.erb (1.2ms)
  Rendered /home/lalit/.rvm/gems/ruby-1.9.3-p374/gems/actionpack-3.2.13/lib/action_dispatch/middleware/templates/rescues/_request_and_response.erb (0.9ms)
  Rendered /home/lalit/.rvm/gems/ruby-1.9.3-p374/gems/actionpack-3.2.13/lib/action_dispatch/middleware/templates/rescues/template_error.erb within rescues/layout (7.5ms)
Connecting to database specified by database.yml


Started GET "/posts" for 127.0.0.1 at 2013-11-24 11:06:15 +0530
Processing by PostsController#index as HTML
  [1m[36mPost Load (0.2ms)[0m  [1mSELECT `posts`.* FROM `posts` [0m
  Rendered posts/index.html.erb within layouts/application (4.9ms)
Completed 500 Internal Server Error in 162ms

ActionView::Template::Error (undefined local variable or method `user_update_time_path' for #<#<Class:0x00000002ac25b8>:0x000000031bf848>):
    10: <div id="datePanel">
    11: </div>
    12: <div>
    13: 	<%=link_to 'Update',user_update_time_path%>
    14: </div>
    15: <%= yield %>
    16: 
  app/views/layouts/application.html.erb:13:in `_app_views_layouts_application_html_erb___1380458177893412598_18208120'
  app/controllers/posts_controller.rb:7:in `index'


  Rendered /home/lalit/.rvm/gems/ruby-1.9.3-p374/gems/actionpack-3.2.13/lib/action_dispatch/middleware/templates/rescues/_trace.erb (1.2ms)
  Rendered /home/lalit/.rvm/gems/ruby-1.9.3-p374/gems/actionpack-3.2.13/lib/action_dispatch/middleware/templates/rescues/_request_and_response.erb (0.9ms)
  Rendered /home/lalit/.rvm/gems/ruby-1.9.3-p374/gems/actionpack-3.2.13/lib/action_dispatch/middleware/templates/rescues/template_error.erb within rescues/layout (7.4ms)


Started GET "/posts" for 127.0.0.1 at 2013-11-24 11:06:37 +0530
Processing by PostsController#index as HTML
  [1m[35mPost Load (0.1ms)[0m  SELECT `posts`.* FROM `posts` 
  Rendered posts/index.html.erb within layouts/application (2.0ms)
Completed 200 OK in 16ms (Views: 14.2ms | ActiveRecord: 0.1ms)


Started GET "/assets/application.css?body=1" for 127.0.0.1 at 2013-11-24 11:06:37 +0530
Served asset /application.css - 304 Not Modified (3ms)


Started GET "/assets/scaffolds.css?body=1" for 127.0.0.1 at 2013-11-24 11:06:37 +0530
Served asset /scaffolds.css - 304 Not Modified (3ms)


Started GET "/assets/posts.css?body=1" for 127.0.0.1 at 2013-11-24 11:06:37 +0530
Served asset /posts.css - 304 Not Modified (3ms)


Started GET "/assets/posts.js?body=1" for 127.0.0.1 at 2013-11-24 11:06:37 +0530
Served asset /posts.js - 304 Not Modified (3ms)


Started GET "/assets/application.js?body=1" for 127.0.0.1 at 2013-11-24 11:06:37 +0530
Served asset /application.js - 304 Not Modified (9ms)


Started GET "/post/update_time" for 127.0.0.1 at 2013-11-24 11:06:39 +0530

ActionController::RoutingError (uninitialized constant PostController):
  activesupport (3.2.13) lib/active_support/inflector/methods.rb:230:in `block in constantize'
  activesupport (3.2.13) lib/active_support/inflector/methods.rb:229:in `each'
  activesupport (3.2.13) lib/active_support/inflector/methods.rb:229:in `constantize'
  actionpack (3.2.13) lib/action_dispatch/routing/route_set.rb:69:in `controller_reference'
  actionpack (3.2.13) lib/action_dispatch/routing/route_set.rb:54:in `controller'
  actionpack (3.2.13) lib/action_dispatch/routing/route_set.rb:32:in `call'
  journey (1.0.4) lib/journey/router.rb:68:in `block in call'
  journey (1.0.4) lib/journey/router.rb:56:in `each'
  journey (1.0.4) lib/journey/router.rb:56:in `call'
  actionpack (3.2.13) lib/action_dispatch/routing/route_set.rb:612:in `call'
  actionpack (3.2.13) lib/action_dispatch/middleware/best_standards_support.rb:17:in `call'
  rack (1.4.5) lib/rack/etag.rb:23:in `call'
  rack (1.4.5) lib/rack/conditionalget.rb:25:in `call'
  actionpack (3.2.13) lib/action_dispatch/middleware/head.rb:14:in `call'
  actionpack (3.2.13) lib/action_dispatch/middleware/params_parser.rb:21:in `call'
  actionpack (3.2.13) lib/action_dispatch/middleware/flash.rb:242:in `call'
  rack (1.4.5) lib/rack/session/abstract/id.rb:210:in `context'
  rack (1.4.5) lib/rack/session/abstract/id.rb:205:in `call'
  actionpack (3.2.13) lib/action_dispatch/middleware/cookies.rb:341:in `call'
  activerecord (3.2.13) lib/active_record/query_cache.rb:64:in `call'
  activerecord (3.2.13) lib/active_record/connection_adapters/abstract/connection_pool.rb:479:in `call'
  actionpack (3.2.13) lib/action_dispatch/middleware/callbacks.rb:28:in `block in call'
  activesupport (3.2.13) lib/active_support/callbacks.rb:405:in `_run__2233193452221469753__call__1687791884052026213__callbacks'
  activesupport (3.2.13) lib/active_support/callbacks.rb:405:in `__run_callback'
  activesupport (3.2.13) lib/active_support/callbacks.rb:385:in `_run_call_callbacks'
  activesupport (3.2.13) lib/active_support/callbacks.rb:81:in `run_callbacks'
  actionpack (3.2.13) lib/action_dispatch/middleware/callbacks.rb:27:in `call'
  actionpack (3.2.13) lib/action_dispatch/middleware/reloader.rb:65:in `call'
  actionpack (3.2.13) lib/action_dispatch/middleware/remote_ip.rb:31:in `call'
  actionpack (3.2.13) lib/action_dispatch/middleware/debug_exceptions.rb:16:in `call'
  actionpack (3.2.13) lib/action_dispatch/middleware/show_exceptions.rb:56:in `call'
  railties (3.2.13) lib/rails/rack/logger.rb:32:in `call_app'
  railties (3.2.13) lib/rails/rack/logger.rb:16:in `block in call'
  activesupport (3.2.13) lib/active_support/tagged_logging.rb:22:in `tagged'
  railties (3.2.13) lib/rails/rack/logger.rb:16:in `call'
  actionpack (3.2.13) lib/action_dispatch/middleware/request_id.rb:22:in `call'
  rack (1.4.5) lib/rack/methodoverride.rb:21:in `call'
  rack (1.4.5) lib/rack/runtime.rb:17:in `call'
  activesupport (3.2.13) lib/active_support/cache/strategy/local_cache.rb:72:in `call'
  rack (1.4.5) lib/rack/lock.rb:15:in `call'
  actionpack (3.2.13) lib/action_dispatch/middleware/static.rb:63:in `call'
  railties (3.2.13) lib/rails/engine.rb:479:in `call'
  railties (3.2.13) lib/rails/application.rb:223:in `call'
  rack (1.4.5) lib/rack/content_length.rb:14:in `call'
  railties (3.2.13) lib/rails/rack/log_tailer.rb:17:in `call'
  rack (1.4.5) lib/rack/handler/webrick.rb:59:in `service'
  /home/lalit/.rvm/rubies/ruby-1.9.3-p374/lib/ruby/1.9.1/webrick/httpserver.rb:138:in `service'
  /home/lalit/.rvm/rubies/ruby-1.9.3-p374/lib/ruby/1.9.1/webrick/httpserver.rb:94:in `run'
  /home/lalit/.rvm/rubies/ruby-1.9.3-p374/lib/ruby/1.9.1/webrick/server.rb:191:in `block in start_thread'


  Rendered /home/lalit/.rvm/gems/ruby-1.9.3-p374/gems/actionpack-3.2.13/lib/action_dispatch/middleware/templates/rescues/routing_error.erb within rescues/layout (0.7ms)
Connecting to database specified by database.yml


Started GET "/post/update_time" for 127.0.0.1 at 2013-11-24 11:07:46 +0530

ActionController::RoutingError (No route matches [GET] "/post/update_time"):
  actionpack (3.2.13) lib/action_dispatch/middleware/debug_exceptions.rb:21:in `call'
  actionpack (3.2.13) lib/action_dispatch/middleware/show_exceptions.rb:56:in `call'
  railties (3.2.13) lib/rails/rack/logger.rb:32:in `call_app'
  railties (3.2.13) lib/rails/rack/logger.rb:16:in `block in call'
  activesupport (3.2.13) lib/active_support/tagged_logging.rb:22:in `tagged'
  railties (3.2.13) lib/rails/rack/logger.rb:16:in `call'
  actionpack (3.2.13) lib/action_dispatch/middleware/request_id.rb:22:in `call'
  rack (1.4.5) lib/rack/methodoverride.rb:21:in `call'
  rack (1.4.5) lib/rack/runtime.rb:17:in `call'
  activesupport (3.2.13) lib/active_support/cache/strategy/local_cache.rb:72:in `call'
  rack (1.4.5) lib/rack/lock.rb:15:in `call'
  actionpack (3.2.13) lib/action_dispatch/middleware/static.rb:63:in `call'
  railties (3.2.13) lib/rails/engine.rb:479:in `call'
  railties (3.2.13) lib/rails/application.rb:223:in `call'
  rack (1.4.5) lib/rack/content_length.rb:14:in `call'
  railties (3.2.13) lib/rails/rack/log_tailer.rb:17:in `call'
  rack (1.4.5) lib/rack/handler/webrick.rb:59:in `service'
  /home/lalit/.rvm/rubies/ruby-1.9.3-p374/lib/ruby/1.9.1/webrick/httpserver.rb:138:in `service'
  /home/lalit/.rvm/rubies/ruby-1.9.3-p374/lib/ruby/1.9.1/webrick/httpserver.rb:94:in `run'
  /home/lalit/.rvm/rubies/ruby-1.9.3-p374/lib/ruby/1.9.1/webrick/server.rb:191:in `block in start_thread'


  Rendered /home/lalit/.rvm/gems/ruby-1.9.3-p374/gems/actionpack-3.2.13/lib/action_dispatch/middleware/templates/rescues/routing_error.erb within rescues/layout (0.6ms)
Connecting to database specified by database.yml


Started GET "/posts" for 127.0.0.1 at 2013-11-24 11:08:06 +0530
Processing by PostsController#index as HTML
  [1m[36mPost Load (0.1ms)[0m  [1mSELECT `posts`.* FROM `posts` [0m
  Rendered posts/index.html.erb within layouts/application (39.8ms)
Completed 500 Internal Server Error in 137ms

ActionView::Template::Error (undefined local variable or method `post_update_time_path' for #<#<Class:0x007fdeb431e4e0>:0x007fdeb473d300>):
    2: <div id="datePanel">
    3: </div>
    4: <div>
    5:   <%=link_to 'Update',post_update_time_path%>
    6: </div>
    7: 
    8: <h1>Listing posts</h1>
  app/views/posts/index.html.erb:5:in `_app_views_posts_index_html_erb___4363320672473517458_24463300'
  app/controllers/posts_controller.rb:7:in `index'


  Rendered /home/lalit/.rvm/gems/ruby-1.9.3-p374/gems/actionpack-3.2.13/lib/action_dispatch/middleware/templates/rescues/_trace.erb (1.3ms)
  Rendered /home/lalit/.rvm/gems/ruby-1.9.3-p374/gems/actionpack-3.2.13/lib/action_dispatch/middleware/templates/rescues/_request_and_response.erb (1.0ms)
  Rendered /home/lalit/.rvm/gems/ruby-1.9.3-p374/gems/actionpack-3.2.13/lib/action_dispatch/middleware/templates/rescues/template_error.erb within rescues/layout (7.5ms)


Started GET "/posts" for 127.0.0.1 at 2013-11-24 11:08:27 +0530
Processing by PostsController#index as HTML
  [1m[35mPost Load (0.2ms)[0m  SELECT `posts`.* FROM `posts` 
  Rendered posts/index.html.erb within layouts/application (4.2ms)
Completed 200 OK in 31ms (Views: 28.8ms | ActiveRecord: 0.2ms)


Started GET "/assets/application.css?body=1" for 127.0.0.1 at 2013-11-24 11:08:27 +0530
Served asset /application.css - 304 Not Modified (3ms)


Started GET "/assets/posts.css?body=1" for 127.0.0.1 at 2013-11-24 11:08:27 +0530
Served asset /posts.css - 304 Not Modified (2ms)


Started GET "/assets/scaffolds.css?body=1" for 127.0.0.1 at 2013-11-24 11:08:27 +0530
Served asset /scaffolds.css - 304 Not Modified (3ms)


Started GET "/assets/posts.js?body=1" for 127.0.0.1 at 2013-11-24 11:08:27 +0530
Served asset /posts.js - 304 Not Modified (3ms)


Started GET "/assets/application.js?body=1" for 127.0.0.1 at 2013-11-24 11:08:27 +0530
Served asset /application.js - 304 Not Modified (10ms)


Started GET "/posts/update_time" for 127.0.0.1 at 2013-11-24 11:08:31 +0530
Processing by PostsController#update_time as HTML
Completed 500 Internal Server Error in 4ms

ActionView::MissingTemplate (Missing template posts/update_time, application/update_time with {:locale=>[:en], :formats=>[:html], :handlers=>[:erb, :builder, :coffee]}. Searched in:
  * "/home/lalit/open_work/myrepo/ajax_demo/app/views"
):
  actionpack (3.2.13) lib/action_view/path_set.rb:58:in `find'
  actionpack (3.2.13) lib/action_view/lookup_context.rb:109:in `find'
  actionpack (3.2.13) lib/action_view/renderer/abstract_renderer.rb:3:in `find_template'
  actionpack (3.2.13) lib/action_view/renderer/template_renderer.rb:34:in `determine_template'
  actionpack (3.2.13) lib/action_view/renderer/template_renderer.rb:10:in `render'
  actionpack (3.2.13) lib/action_view/renderer/renderer.rb:36:in `render_template'
  actionpack (3.2.13) lib/action_view/renderer/renderer.rb:17:in `render'
  actionpack (3.2.13) lib/abstract_controller/rendering.rb:110:in `_render_template'
  actionpack (3.2.13) lib/action_controller/metal/streaming.rb:225:in `_render_template'
  actionpack (3.2.13) lib/abstract_controller/rendering.rb:103:in `render_to_body'
  actionpack (3.2.13) lib/action_controller/metal/renderers.rb:28:in `render_to_body'
  actionpack (3.2.13) lib/action_controller/metal/compatibility.rb:50:in `render_to_body'
  actionpack (3.2.13) lib/abstract_controller/rendering.rb:88:in `render'
  actionpack (3.2.13) lib/action_controller/metal/rendering.rb:16:in `render'
  actionpack (3.2.13) lib/action_controller/metal/instrumentation.rb:40:in `block (2 levels) in render'
  activesupport (3.2.13) lib/active_support/core_ext/benchmark.rb:5:in `block in ms'
  /home/lalit/.rvm/rubies/ruby-1.9.3-p374/lib/ruby/1.9.1/benchmark.rb:295:in `realtime'
  activesupport (3.2.13) lib/active_support/core_ext/benchmark.rb:5:in `ms'
  actionpack (3.2.13) lib/action_controller/metal/instrumentation.rb:40:in `block in render'
  actionpack (3.2.13) lib/action_controller/metal/instrumentation.rb:83:in `cleanup_view_runtime'
  activerecord (3.2.13) lib/active_record/railties/controller_runtime.rb:24:in `cleanup_view_runtime'
  actionpack (3.2.13) lib/action_controller/metal/instrumentation.rb:39:in `render'
  actionpack (3.2.13) lib/action_controller/metal/implicit_render.rb:10:in `default_render'
  actionpack (3.2.13) lib/action_controller/metal/implicit_render.rb:5:in `send_action'
  actionpack (3.2.13) lib/abstract_controller/base.rb:167:in `process_action'
  actionpack (3.2.13) lib/action_controller/metal/rendering.rb:10:in `process_action'
  actionpack (3.2.13) lib/abstract_controller/callbacks.rb:18:in `block in process_action'
  activesupport (3.2.13) lib/active_support/callbacks.rb:414:in `_run__2406447847584304739__process_action__2327009961756101412__callbacks'
  activesupport (3.2.13) lib/active_support/callbacks.rb:405:in `__run_callback'
  activesupport (3.2.13) lib/active_support/callbacks.rb:385:in `_run_process_action_callbacks'
  activesupport (3.2.13) lib/active_support/callbacks.rb:81:in `run_callbacks'
  actionpack (3.2.13) lib/abstract_controller/callbacks.rb:17:in `process_action'
  actionpack (3.2.13) lib/action_controller/metal/rescue.rb:29:in `process_action'
  actionpack (3.2.13) lib/action_controller/metal/instrumentation.rb:30:in `block in process_action'
  activesupport (3.2.13) lib/active_support/notifications.rb:123:in `block in instrument'
  activesupport (3.2.13) lib/active_support/notifications/instrumenter.rb:20:in `instrument'
  activesupport (3.2.13) lib/active_support/notifications.rb:123:in `instrument'
  actionpack (3.2.13) lib/action_controller/metal/instrumentation.rb:29:in `process_action'
  actionpack (3.2.13) lib/action_controller/metal/params_wrapper.rb:207:in `process_action'
  activerecord (3.2.13) lib/active_record/railties/controller_runtime.rb:18:in `process_action'
  actionpack (3.2.13) lib/abstract_controller/base.rb:121:in `process'
  actionpack (3.2.13) lib/abstract_controller/rendering.rb:45:in `process'
  actionpack (3.2.13) lib/action_controller/metal.rb:203:in `dispatch'
  actionpack (3.2.13) lib/action_controller/metal/rack_delegation.rb:14:in `dispatch'
  actionpack (3.2.13) lib/action_controller/metal.rb:246:in `block in action'
  actionpack (3.2.13) lib/action_dispatch/routing/route_set.rb:73:in `call'
  actionpack (3.2.13) lib/action_dispatch/routing/route_set.rb:73:in `dispatch'
  actionpack (3.2.13) lib/action_dispatch/routing/route_set.rb:36:in `call'
  journey (1.0.4) lib/journey/router.rb:68:in `block in call'
  journey (1.0.4) lib/journey/router.rb:56:in `each'
  journey (1.0.4) lib/journey/router.rb:56:in `call'
  actionpack (3.2.13) lib/action_dispatch/routing/route_set.rb:612:in `call'
  actionpack (3.2.13) lib/action_dispatch/middleware/best_standards_support.rb:17:in `call'
  rack (1.4.5) lib/rack/etag.rb:23:in `call'
  rack (1.4.5) lib/rack/conditionalget.rb:25:in `call'
  actionpack (3.2.13) lib/action_dispatch/middleware/head.rb:14:in `call'
  actionpack (3.2.13) lib/action_dispatch/middleware/params_parser.rb:21:in `call'
  actionpack (3.2.13) lib/action_dispatch/middleware/flash.rb:242:in `call'
  rack (1.4.5) lib/rack/session/abstract/id.rb:210:in `context'
  rack (1.4.5) lib/rack/session/abstract/id.rb:205:in `call'
  actionpack (3.2.13) lib/action_dispatch/middleware/cookies.rb:341:in `call'
  activerecord (3.2.13) lib/active_record/query_cache.rb:64:in `call'
  activerecord (3.2.13) lib/active_record/connection_adapters/abstract/connection_pool.rb:479:in `call'
  actionpack (3.2.13) lib/action_dispatch/middleware/callbacks.rb:28:in `block in call'
  activesupport (3.2.13) lib/active_support/callbacks.rb:405:in `_run__3196876031929883537__call__167184248356849560__callbacks'
  activesupport (3.2.13) lib/active_support/callbacks.rb:405:in `__run_callback'
  activesupport (3.2.13) lib/active_support/callbacks.rb:385:in `_run_call_callbacks'
  activesupport (3.2.13) lib/active_support/callbacks.rb:81:in `run_callbacks'
  actionpack (3.2.13) lib/action_dispatch/middleware/callbacks.rb:27:in `call'
  actionpack (3.2.13) lib/action_dispatch/middleware/reloader.rb:65:in `call'
  actionpack (3.2.13) lib/action_dispatch/middleware/remote_ip.rb:31:in `call'
  actionpack (3.2.13) lib/action_dispatch/middleware/debug_exceptions.rb:16:in `call'
  actionpack (3.2.13) lib/action_dispatch/middleware/show_exceptions.rb:56:in `call'
  railties (3.2.13) lib/rails/rack/logger.rb:32:in `call_app'
  railties (3.2.13) lib/rails/rack/logger.rb:16:in `block in call'
  activesupport (3.2.13) lib/active_support/tagged_logging.rb:22:in `tagged'
  railties (3.2.13) lib/rails/rack/logger.rb:16:in `call'
  actionpack (3.2.13) lib/action_dispatch/middleware/request_id.rb:22:in `call'
  rack (1.4.5) lib/rack/methodoverride.rb:21:in `call'
  rack (1.4.5) lib/rack/runtime.rb:17:in `call'
  activesupport (3.2.13) lib/active_support/cache/strategy/local_cache.rb:72:in `call'
  rack (1.4.5) lib/rack/lock.rb:15:in `call'
  actionpack (3.2.13) lib/action_dispatch/middleware/static.rb:63:in `call'
  railties (3.2.13) lib/rails/engine.rb:479:in `call'
  railties (3.2.13) lib/rails/application.rb:223:in `call'
  rack (1.4.5) lib/rack/content_length.rb:14:in `call'
  railties (3.2.13) lib/rails/rack/log_tailer.rb:17:in `call'
  rack (1.4.5) lib/rack/handler/webrick.rb:59:in `service'
  /home/lalit/.rvm/rubies/ruby-1.9.3-p374/lib/ruby/1.9.1/webrick/httpserver.rb:138:in `service'
  /home/lalit/.rvm/rubies/ruby-1.9.3-p374/lib/ruby/1.9.1/webrick/httpserver.rb:94:in `run'
  /home/lalit/.rvm/rubies/ruby-1.9.3-p374/lib/ruby/1.9.1/webrick/server.rb:191:in `block in start_thread'


  Rendered /home/lalit/.rvm/gems/ruby-1.9.3-p374/gems/actionpack-3.2.13/lib/action_dispatch/middleware/templates/rescues/missing_template.erb within rescues/layout (0.6ms)


Started GET "/posts/update_time" for 127.0.0.1 at 2013-11-24 11:13:24 +0530
Processing by PostsController#update_time as HTML
  Rendered inline template (0.3ms)
Completed 200 OK in 2ms (Views: 1.1ms | ActiveRecord: 0.0ms)


Started GET "/posts" for 127.0.0.1 at 2013-11-24 11:14:17 +0530
Processing by PostsController#index as HTML
  [1m[36mPost Load (0.1ms)[0m  [1mSELECT `posts`.* FROM `posts` [0m
  Rendered posts/index.html.erb within layouts/application (2.8ms)
Completed 200 OK in 28ms (Views: 15.9ms | ActiveRecord: 1.6ms)


Started GET "/assets/application.css?body=1" for 127.0.0.1 at 2013-11-24 11:14:17 +0530
Served asset /application.css - 304 Not Modified (37ms)


Started GET "/assets/posts.css?body=1" for 127.0.0.1 at 2013-11-24 11:14:17 +0530
Served asset /posts.css - 304 Not Modified (0ms)


Started GET "/assets/scaffolds.css?body=1" for 127.0.0.1 at 2013-11-24 11:14:17 +0530
Served asset /scaffolds.css - 304 Not Modified (0ms)


Started GET "/assets/posts.js?body=1" for 127.0.0.1 at 2013-11-24 11:14:17 +0530
Served asset /posts.js - 304 Not Modified (0ms)


Started GET "/assets/application.js?body=1" for 127.0.0.1 at 2013-11-24 11:14:17 +0530
Served asset /application.js - 304 Not Modified (1ms)


Started GET "/posts/update_time" for 127.0.0.1 at 2013-11-24 11:14:24 +0530
Processing by PostsController#update_time as HTML
  Rendered inline template (0.4ms)
Completed 200 OK in 1ms (Views: 0.8ms | ActiveRecord: 0.0ms)


Started GET "/posts/update_time" for 127.0.0.1 at 2013-11-24 11:14:51 +0530
Processing by PostsController#update_time as HTML
  Rendered inline template (0.6ms)
Completed 200 OK in 2ms (Views: 1.4ms | ActiveRecord: 0.0ms)


Started GET "/posts/1/edit" for 127.0.0.1 at 2013-11-24 11:15:08 +0530
Processing by PostsController#edit as HTML
  Parameters: {"id"=>"1"}
  [1m[35mPost Load (0.3ms)[0m  SELECT `posts`.* FROM `posts` WHERE `posts`.`id` = 1 LIMIT 1
  Rendered posts/_form.html.erb (6.6ms)
  Rendered posts/edit.html.erb within layouts/application (10.7ms)
Completed 200 OK in 25ms (Views: 22.2ms | ActiveRecord: 0.3ms)


Started GET "/assets/application.css?body=1" for 127.0.0.1 at 2013-11-24 11:15:08 +0530
Served asset /application.css - 304 Not Modified (1ms)


Started GET "/assets/posts.css?body=1" for 127.0.0.1 at 2013-11-24 11:15:08 +0530
Served asset /posts.css - 304 Not Modified (0ms)


Started GET "/assets/posts.js?body=1" for 127.0.0.1 at 2013-11-24 11:15:08 +0530
Served asset /posts.js - 304 Not Modified (0ms)


Started GET "/assets/scaffolds.css?body=1" for 127.0.0.1 at 2013-11-24 11:15:08 +0530
Served asset /scaffolds.css - 304 Not Modified (0ms)


Started GET "/assets/application.js?body=1" for 127.0.0.1 at 2013-11-24 11:15:08 +0530
Served asset /application.js - 304 Not Modified (1ms)


Started GET "/posts/update_time" for 127.0.0.1 at 2013-11-24 11:15:16 +0530
Processing by PostsController#update_time as HTML
  Rendered inline template (0.6ms)
Completed 200 OK in 2ms (Views: 1.5ms | ActiveRecord: 0.0ms)


Started GET "/posts" for 127.0.0.1 at 2013-11-24 11:16:06 +0530
Processing by PostsController#index as HTML
  [1m[36mPost Load (0.1ms)[0m  [1mSELECT `posts`.* FROM `posts` [0m
  Rendered posts/index.html.erb within layouts/application (4.3ms)
Completed 200 OK in 19ms (Views: 17.9ms | ActiveRecord: 0.1ms)


Started GET "/assets/application.css?body=1" for 127.0.0.1 at 2013-11-24 11:16:06 +0530
Served asset /application.css - 304 Not Modified (0ms)


Started GET "/assets/posts.css?body=1" for 127.0.0.1 at 2013-11-24 11:16:06 +0530
Served asset /posts.css - 304 Not Modified (0ms)


Started GET "/assets/scaffolds.css?body=1" for 127.0.0.1 at 2013-11-24 11:16:06 +0530
Served asset /scaffolds.css - 304 Not Modified (0ms)


Started GET "/assets/application.js?body=1" for 127.0.0.1 at 2013-11-24 11:16:06 +0530
Served asset /application.js - 304 Not Modified (1ms)


Started GET "/assets/posts.js?body=1" for 127.0.0.1 at 2013-11-24 11:16:06 +0530
Served asset /posts.js - 304 Not Modified (0ms)


Started GET "/posts/update_time" for 127.0.0.1 at 2013-11-24 11:16:20 +0530
Processing by PostsController#update_time as JS
  Rendered inline template (0.7ms)
Completed 200 OK in 2ms (Views: 1.6ms | ActiveRecord: 0.0ms)


Started GET "/posts/update_time" for 127.0.0.1 at 2013-11-24 11:16:22 +0530
Processing by PostsController#update_time as JS
  Rendered inline template (0.6ms)
Completed 200 OK in 2ms (Views: 1.6ms | ActiveRecord: 0.0ms)


Started GET "/posts/update_time" for 127.0.0.1 at 2013-11-24 11:16:27 +0530
Processing by PostsController#update_time as JS
  Rendered inline template (0.6ms)
Completed 200 OK in 2ms (Views: 1.5ms | ActiveRecord: 0.0ms)


Started GET "/posts/update_time" for 127.0.0.1 at 2013-11-24 11:16:42 +0530
Processing by PostsController#update_time as JS
  Rendered inline template (0.6ms)
Completed 200 OK in 2ms (Views: 1.5ms | ActiveRecord: 0.0ms)


Started GET "/posts" for 127.0.0.1 at 2013-11-24 11:21:41 +0530
Processing by PostsController#index as HTML
  [1m[35mPost Load (0.2ms)[0m  SELECT `posts`.* FROM `posts` 
  Rendered posts/index.html.erb within layouts/application (2.2ms)
Completed 200 OK in 25ms (Views: 14.7ms | ActiveRecord: 2.0ms)


Started GET "/assets/application.css?body=1" for 127.0.0.1 at 2013-11-24 11:21:41 +0530
Served asset /application.css - 200 OK (0ms)


Started GET "/assets/jquery.js?body=1" for 127.0.0.1 at 2013-11-24 11:21:41 +0530
Served asset /jquery.js - 200 OK (4ms)


Started GET "/assets/posts.css?body=1" for 127.0.0.1 at 2013-11-24 11:21:41 +0530
Served asset /posts.css - 200 OK (0ms)


Started GET "/assets/scaffolds.css?body=1" for 127.0.0.1 at 2013-11-24 11:21:41 +0530
Served asset /scaffolds.css - 200 OK (0ms)


Started GET "/assets/jquery_ujs.js?body=1" for 127.0.0.1 at 2013-11-24 11:21:41 +0530
Served asset /jquery_ujs.js - 200 OK (2ms)


Started GET "/assets/posts.js?body=1" for 127.0.0.1 at 2013-11-24 11:21:41 +0530
Served asset /posts.js - 200 OK (0ms)


Started GET "/assets/application.js?body=1" for 127.0.0.1 at 2013-11-24 11:21:41 +0530
Served asset /application.js - 200 OK (1ms)


Started GET "/posts/update_time" for 127.0.0.1 at 2013-11-24 11:21:46 +0530
Processing by PostsController#update_time as JS
  Rendered posts/update_time.js.erb (6.5ms)
Completed 500 Internal Server Error in 11ms

ActionView::Template::Error (undefined local variable or method `inline' for #<#<Class:0x00000002ed6258>:0x007fdeb446df30>):
    1: $('#datePanel').html("<%= escape_javascript(render inline=>"Current time is #{@current_time}").html_safe %>");
  app/views/posts/update_time.js.erb:1:in `_app_views_posts_update_time_js_erb__3251424441831565245_70297242023020'
  app/controllers/posts_controller.rb:85:in `update_time'


  Rendered /home/lalit/.rvm/gems/ruby-1.9.3-p374/gems/actionpack-3.2.13/lib/action_dispatch/middleware/templates/rescues/_trace.erb (1.4ms)
  Rendered /home/lalit/.rvm/gems/ruby-1.9.3-p374/gems/actionpack-3.2.13/lib/action_dispatch/middleware/templates/rescues/_request_and_response.erb (1.0ms)
  Rendered /home/lalit/.rvm/gems/ruby-1.9.3-p374/gems/actionpack-3.2.13/lib/action_dispatch/middleware/templates/rescues/template_error.erb within rescues/layout (7.6ms)


Started GET "/posts" for 127.0.0.1 at 2013-11-24 11:22:23 +0530
Processing by PostsController#index as HTML
  [1m[36mPost Load (0.3ms)[0m  [1mSELECT `posts`.* FROM `posts` [0m
  Rendered posts/index.html.erb within layouts/application (1.5ms)
Completed 200 OK in 48ms (Views: 46.1ms | ActiveRecord: 0.3ms)


Started GET "/assets/application.css?body=1" for 127.0.0.1 at 2013-11-24 11:22:23 +0530
Served asset /application.css - 200 OK (0ms)


Started GET "/assets/jquery.js?body=1" for 127.0.0.1 at 2013-11-24 11:22:23 +0530
Served asset /jquery.js - 200 OK (1ms)


Started GET "/assets/posts.css?body=1" for 127.0.0.1 at 2013-11-24 11:22:23 +0530
Served asset /posts.css - 200 OK (0ms)


Started GET "/assets/scaffolds.css?body=1" for 127.0.0.1 at 2013-11-24 11:22:23 +0530
Served asset /scaffolds.css - 200 OK (0ms)


Started GET "/assets/jquery_ujs.js?body=1" for 127.0.0.1 at 2013-11-24 11:22:23 +0530
Served asset /jquery_ujs.js - 200 OK (0ms)


Started GET "/assets/posts.js?body=1" for 127.0.0.1 at 2013-11-24 11:22:23 +0530
Served asset /posts.js - 200 OK (0ms)


Started GET "/assets/application.js?body=1" for 127.0.0.1 at 2013-11-24 11:22:23 +0530
Served asset /application.js - 200 OK (1ms)


Started GET "/posts/update_time" for 127.0.0.1 at 2013-11-24 11:22:25 +0530
Processing by PostsController#update_time as JS
  Rendered inline template (0.2ms)
  Rendered posts/update_time.js.erb (1.1ms)
Completed 200 OK in 3ms (Views: 2.6ms | ActiveRecord: 0.0ms)


Started GET "/posts/update_time" for 127.0.0.1 at 2013-11-24 11:22:31 +0530
Processing by PostsController#update_time as JS
  Rendered inline template (0.5ms)
  Rendered posts/update_time.js.erb (1.1ms)
Completed 200 OK in 5ms (Views: 4.3ms | ActiveRecord: 0.0ms)


Started GET "/posts/update_time" for 127.0.0.1 at 2013-11-24 11:22:32 +0530
Processing by PostsController#update_time as JS
  Rendered inline template (0.6ms)
  Rendered posts/update_time.js.erb (1.1ms)
Completed 200 OK in 5ms (Views: 4.4ms | ActiveRecord: 0.0ms)


Started GET "/posts/update_time" for 127.0.0.1 at 2013-11-24 11:22:33 +0530
Processing by PostsController#update_time as JS
  Rendered inline template (0.3ms)
  Rendered posts/update_time.js.erb (0.6ms)
Completed 200 OK in 3ms (Views: 2.5ms | ActiveRecord: 0.0ms)


Started GET "/posts/update_time" for 127.0.0.1 at 2013-11-24 11:22:33 +0530
Processing by PostsController#update_time as JS
  Rendered inline template (0.5ms)
  Rendered posts/update_time.js.erb (1.1ms)
Completed 200 OK in 5ms (Views: 4.2ms | ActiveRecord: 0.0ms)


Started GET "/posts/update_time" for 127.0.0.1 at 2013-11-24 11:22:34 +0530
Processing by PostsController#update_time as JS
  Rendered inline template (0.5ms)
  Rendered posts/update_time.js.erb (1.1ms)
Completed 200 OK in 5ms (Views: 4.2ms | ActiveRecord: 0.0ms)


Started GET "/posts/update_time" for 127.0.0.1 at 2013-11-24 11:22:36 +0530
Processing by PostsController#update_time as JS
  Rendered inline template (0.5ms)
  Rendered posts/update_time.js.erb (1.2ms)
Completed 200 OK in 5ms (Views: 4.3ms | ActiveRecord: 0.0ms)


Started GET "/posts/update_time" for 127.0.0.1 at 2013-11-24 11:22:37 +0530
Processing by PostsController#update_time as JS
  Rendered inline template (0.6ms)
  Rendered posts/update_time.js.erb (1.2ms)
Completed 200 OK in 5ms (Views: 4.3ms | ActiveRecord: 0.0ms)


Started GET "/posts" for 127.0.0.1 at 2013-11-24 11:23:14 +0530
Processing by PostsController#index as HTML
  [1m[35mPost Load (0.2ms)[0m  SELECT `posts`.* FROM `posts` 
  Rendered posts/index.html.erb within layouts/application (2.3ms)
Completed 200 OK in 19ms (Views: 16.9ms | ActiveRecord: 0.2ms)


Started GET "/posts/update_time" for 127.0.0.1 at 2013-11-24 11:23:16 +0530
Processing by PostsController#update_time as JS
  Rendered inline template (0.5ms)
  Rendered posts/update_time.js.erb (1.1ms)
Completed 200 OK in 4ms (Views: 3.9ms | ActiveRecord: 0.0ms)


Started GET "/posts/update_time" for 127.0.0.1 at 2013-11-24 11:23:18 +0530
Processing by PostsController#update_time as JS
  Rendered inline template (0.5ms)
  Rendered posts/update_time.js.erb (1.2ms)
Completed 200 OK in 5ms (Views: 4.2ms | ActiveRecord: 0.0ms)


Started GET "/posts/update_time" for 127.0.0.1 at 2013-11-24 11:23:19 +0530
Processing by PostsController#update_time as JS
  Rendered inline template (0.5ms)
  Rendered posts/update_time.js.erb (1.1ms)
Completed 200 OK in 5ms (Views: 4.2ms | ActiveRecord: 0.0ms)


Started GET "/posts/update_time" for 127.0.0.1 at 2013-11-24 11:23:19 +0530
Processing by PostsController#update_time as JS
  Rendered inline template (0.5ms)
  Rendered posts/update_time.js.erb (1.1ms)
Completed 200 OK in 5ms (Views: 4.3ms | ActiveRecord: 0.0ms)


Started GET "/posts/update_time" for 127.0.0.1 at 2013-11-24 11:23:19 +0530
Processing by PostsController#update_time as JS
  Rendered inline template (0.3ms)
  Rendered posts/update_time.js.erb (0.6ms)
Completed 200 OK in 2ms (Views: 2.0ms | ActiveRecord: 0.0ms)


Started GET "/posts/update_time" for 127.0.0.1 at 2013-11-24 11:23:21 +0530
Processing by PostsController#update_time as JS
  Rendered inline template (0.3ms)
  Rendered posts/update_time.js.erb (0.6ms)
Completed 200 OK in 2ms (Views: 1.9ms | ActiveRecord: 0.0ms)


Started GET "/posts/update_time" for 127.0.0.1 at 2013-11-24 11:23:21 +0530
Processing by PostsController#update_time as JS
  Rendered inline template (0.6ms)
  Rendered posts/update_time.js.erb (1.2ms)
Completed 200 OK in 5ms (Views: 4.4ms | ActiveRecord: 0.0ms)


Started GET "/posts/update_time" for 127.0.0.1 at 2013-11-24 11:23:22 +0530
Processing by PostsController#update_time as JS
  Rendered inline template (0.5ms)
  Rendered posts/update_time.js.erb (1.1ms)
Completed 200 OK in 5ms (Views: 4.3ms | ActiveRecord: 0.0ms)


Started GET "/posts/update_time" for 127.0.0.1 at 2013-11-24 11:23:22 +0530
Processing by PostsController#update_time as JS
  Rendered inline template (0.3ms)
  Rendered posts/update_time.js.erb (0.6ms)
Completed 200 OK in 4ms (Views: 3.7ms | ActiveRecord: 0.0ms)


Started GET "/posts" for 127.0.0.1 at 2013-11-24 11:24:01 +0530
Processing by PostsController#index as HTML
  [1m[36mPost Load (0.3ms)[0m  [1mSELECT `posts`.* FROM `posts` [0m
  Rendered posts/index.html.erb within layouts/application (2.4ms)
Completed 200 OK in 22ms (Views: 18.8ms | ActiveRecord: 0.3ms)


Started GET "/assets/application.css?body=1" for 127.0.0.1 at 2013-11-24 11:24:01 +0530
Served asset /application.css - 200 OK (5ms)


Started GET "/assets/posts.css?body=1" for 127.0.0.1 at 2013-11-24 11:24:01 +0530
Served asset /posts.css - 200 OK (0ms)


Started GET "/assets/posts.js?body=1" for 127.0.0.1 at 2013-11-24 11:24:01 +0530
Served asset /posts.js - 200 OK (0ms)


Started GET "/assets/scaffolds.css?body=1" for 127.0.0.1 at 2013-11-24 11:24:01 +0530
Served asset /scaffolds.css - 200 OK (0ms)


Started GET "/assets/jquery_ujs.js?body=1" for 127.0.0.1 at 2013-11-24 11:24:01 +0530
Served asset /jquery_ujs.js - 200 OK (0ms)


Started GET "/assets/jquery.js?body=1" for 127.0.0.1 at 2013-11-24 11:24:01 +0530
Served asset /jquery.js - 200 OK (1ms)


Started GET "/assets/application.js?body=1" for 127.0.0.1 at 2013-11-24 11:24:01 +0530
Served asset /application.js - 200 OK (2ms)


Started GET "/posts/update_time" for 127.0.0.1 at 2013-11-24 11:24:08 +0530
Processing by PostsController#update_time as JS
  Rendered inline template (0.6ms)
  Rendered posts/update_time.js.erb (1.2ms)
Completed 200 OK in 5ms (Views: 4.1ms | ActiveRecord: 0.0ms)


Started GET "/posts" for 127.0.0.1 at 2013-11-24 11:25:56 +0530
Processing by PostsController#index as HTML
  [1m[35mPost Load (0.2ms)[0m  SELECT `posts`.* FROM `posts` 
  Rendered posts/index.html.erb within layouts/application (3.0ms)
Completed 200 OK in 37ms (Views: 18.5ms | ActiveRecord: 1.7ms)


Started GET "/assets/application.css?body=1" for 127.0.0.1 at 2013-11-24 11:25:56 +0530
Served asset /application.css - 200 OK (6ms)


Started GET "/assets/posts.css?body=1" for 127.0.0.1 at 2013-11-24 11:25:56 +0530
Served asset /posts.css - 200 OK (0ms)


Started GET "/assets/jquery_ujs.js?body=1" for 127.0.0.1 at 2013-11-24 11:25:56 +0530
Served asset /jquery_ujs.js - 200 OK (0ms)


Started GET "/assets/posts.js?body=1" for 127.0.0.1 at 2013-11-24 11:25:56 +0530
Served asset /posts.js - 200 OK (0ms)


Started GET "/assets/scaffolds.css?body=1" for 127.0.0.1 at 2013-11-24 11:25:56 +0530
Served asset /scaffolds.css - 200 OK (0ms)


Started GET "/assets/jquery.js?body=1" for 127.0.0.1 at 2013-11-24 11:25:56 +0530
Served asset /jquery.js - 200 OK (0ms)


Started GET "/assets/application.js?body=1" for 127.0.0.1 at 2013-11-24 11:25:56 +0530
Served asset /application.js - 200 OK (1ms)


Started GET "/posts" for 127.0.0.1 at 2013-11-24 11:26:36 +0530
Processing by PostsController#index as HTML
  [1m[36mPost Load (0.2ms)[0m  [1mSELECT `posts`.* FROM `posts` [0m
  Rendered posts/index.html.erb within layouts/application (2.2ms)
Completed 200 OK in 16ms (Views: 14.0ms | ActiveRecord: 0.2ms)


Started GET "/assets/application.css?body=1" for 127.0.0.1 at 2013-11-24 11:26:36 +0530
Served asset /application.css - 200 OK (1ms)


Started GET "/assets/jquery_ujs.js?body=1" for 127.0.0.1 at 2013-11-24 11:26:36 +0530
Served asset /jquery_ujs.js - 200 OK (3ms)


Started GET "/assets/scaffolds.css?body=1" for 127.0.0.1 at 2013-11-24 11:26:36 +0530
Served asset /scaffolds.css - 200 OK (0ms)


Started GET "/assets/posts.css?body=1" for 127.0.0.1 at 2013-11-24 11:26:36 +0530
Served asset /posts.css - 200 OK (0ms)


Started GET "/assets/jquery.js?body=1" for 127.0.0.1 at 2013-11-24 11:26:36 +0530
Served asset /jquery.js - 200 OK (1ms)


Started GET "/assets/posts.js?body=1" for 127.0.0.1 at 2013-11-24 11:26:36 +0530
Served asset /posts.js - 200 OK (0ms)


Started GET "/assets/application.js?body=1" for 127.0.0.1 at 2013-11-24 11:26:36 +0530
Served asset /application.js - 200 OK (2ms)


Started GET "/posts/update_time" for 127.0.0.1 at 2013-11-24 11:26:38 +0530
Processing by PostsController#update_time as JS
  Rendered inline template (0.3ms)
  Rendered posts/update_time.js.erb (0.6ms)
Completed 200 OK in 3ms (Views: 2.1ms | ActiveRecord: 0.0ms)


Started GET "/posts/update_time" for 127.0.0.1 at 2013-11-24 11:26:39 +0530
Processing by PostsController#update_time as JS
  Rendered inline template (0.5ms)
  Rendered posts/update_time.js.erb (1.2ms)
Completed 200 OK in 5ms (Views: 4.3ms | ActiveRecord: 0.0ms)


Started GET "/posts/update_time" for 127.0.0.1 at 2013-11-24 11:26:40 +0530
Processing by PostsController#update_time as JS
  Rendered inline template (0.3ms)
  Rendered posts/update_time.js.erb (0.6ms)
Completed 200 OK in 4ms (Views: 3.2ms | ActiveRecord: 0.0ms)


Started GET "/posts/update_time" for 127.0.0.1 at 2013-11-24 11:26:41 +0530
Processing by PostsController#update_time as JS
  Rendered inline template (0.6ms)
  Rendered posts/update_time.js.erb (1.2ms)
Completed 200 OK in 5ms (Views: 4.3ms | ActiveRecord: 0.0ms)


Started GET "/posts" for 127.0.0.1 at 2013-11-24 11:26:44 +0530
Processing by PostsController#index as HTML
  [1m[35mPost Load (0.2ms)[0m  SELECT `posts`.* FROM `posts` 
  Rendered posts/index.html.erb within layouts/application (1.7ms)
Completed 200 OK in 55ms (Views: 52.3ms | ActiveRecord: 0.2ms)


Started GET "/assets/application.css?body=1" for 127.0.0.1 at 2013-11-24 11:26:44 +0530
Served asset /application.css - 200 OK (6ms)


Started GET "/assets/jquery.js?body=1" for 127.0.0.1 at 2013-11-24 11:26:44 +0530
Served asset /jquery.js - 200 OK (1ms)


Started GET "/assets/posts.css?body=1" for 127.0.0.1 at 2013-11-24 11:26:44 +0530
Served asset /posts.css - 200 OK (0ms)


Started GET "/assets/jquery_ujs.js?body=1" for 127.0.0.1 at 2013-11-24 11:26:44 +0530
Served asset /jquery_ujs.js - 200 OK (0ms)


Started GET "/assets/scaffolds.css?body=1" for 127.0.0.1 at 2013-11-24 11:26:44 +0530
Served asset /scaffolds.css - 200 OK (0ms)


Started GET "/assets/posts.js?body=1" for 127.0.0.1 at 2013-11-24 11:26:44 +0530
Served asset /posts.js - 200 OK (0ms)


Started GET "/assets/application.js?body=1" for 127.0.0.1 at 2013-11-24 11:26:44 +0530
Served asset /application.js - 200 OK (3ms)


Started GET "/posts/update_time" for 127.0.0.1 at 2013-11-24 11:26:48 +0530
Processing by PostsController#update_time as JS
  Rendered inline template (0.3ms)
  Rendered posts/update_time.js.erb (0.6ms)
Completed 200 OK in 5ms (Views: 4.2ms | ActiveRecord: 0.0ms)


Started GET "/posts" for 127.0.0.1 at 2013-11-24 11:27:36 +0530
Processing by PostsController#index as HTML
  [1m[36mPost Load (0.2ms)[0m  [1mSELECT `posts`.* FROM `posts` [0m
  Rendered posts/index.html.erb within layouts/application (2.4ms)
Completed 200 OK in 16ms (Views: 14.6ms | ActiveRecord: 0.2ms)


Started GET "/assets/application.css?body=1" for 127.0.0.1 at 2013-11-24 11:27:36 +0530
Served asset /application.css - 200 OK (3ms)


Started GET "/assets/jquery_ujs.js?body=1" for 127.0.0.1 at 2013-11-24 11:27:36 +0530
Served asset /jquery_ujs.js - 200 OK (0ms)


Started GET "/assets/jquery.js?body=1" for 127.0.0.1 at 2013-11-24 11:27:36 +0530
Served asset /jquery.js - 200 OK (1ms)


Started GET "/assets/posts.css?body=1" for 127.0.0.1 at 2013-11-24 11:27:37 +0530
Served asset /posts.css - 200 OK (0ms)


Started GET "/assets/scaffolds.css?body=1" for 127.0.0.1 at 2013-11-24 11:27:37 +0530
Served asset /scaffolds.css - 200 OK (0ms)


Started GET "/assets/posts.js?body=1" for 127.0.0.1 at 2013-11-24 11:27:37 +0530
Served asset /posts.js - 200 OK (0ms)


Started GET "/assets/application.js?body=1" for 127.0.0.1 at 2013-11-24 11:27:37 +0530
Served asset /application.js - 200 OK (2ms)


Started GET "/posts" for 127.0.0.1 at 2013-11-24 11:28:06 +0530
Processing by PostsController#index as HTML
  [1m[35mPost Load (0.2ms)[0m  SELECT `posts`.* FROM `posts` 
  Rendered posts/index.html.erb within layouts/application (2.9ms)
Completed 200 OK in 19ms (Views: 17.6ms | ActiveRecord: 0.2ms)


Started GET "/assets/application.css?body=1" for 127.0.0.1 at 2013-11-24 11:28:06 +0530
Served asset /application.css - 200 OK (0ms)


Started GET "/assets/posts.css?body=1" for 127.0.0.1 at 2013-11-24 11:28:06 +0530
Served asset /posts.css - 200 OK (0ms)


Started GET "/assets/scaffolds.css?body=1" for 127.0.0.1 at 2013-11-24 11:28:06 +0530
Served asset /scaffolds.css - 200 OK (0ms)


Started GET "/assets/jquery_ujs.js?body=1" for 127.0.0.1 at 2013-11-24 11:28:06 +0530
Served asset /jquery_ujs.js - 200 OK (0ms)


Started GET "/assets/jquery.js?body=1" for 127.0.0.1 at 2013-11-24 11:28:06 +0530
Served asset /jquery.js - 200 OK (1ms)


Started GET "/assets/posts.js?body=1" for 127.0.0.1 at 2013-11-24 11:28:06 +0530
Served asset /posts.js - 200 OK (0ms)


Started GET "/assets/application.js?body=1" for 127.0.0.1 at 2013-11-24 11:28:06 +0530
Served asset /application.js - 200 OK (2ms)


Started GET "/posts/update_time" for 127.0.0.1 at 2013-11-24 11:28:08 +0530
Processing by PostsController#update_time as JS
  Rendered inline template (0.3ms)
  Rendered posts/update_time.js.erb (1.5ms)
Completed 200 OK in 5ms (Views: 4.4ms | ActiveRecord: 0.0ms)


Started GET "/posts" for 127.0.0.1 at 2013-11-24 11:28:20 +0530
Processing by PostsController#index as HTML
  [1m[36mPost Load (0.1ms)[0m  [1mSELECT `posts`.* FROM `posts` [0m
  Rendered posts/index.html.erb within layouts/application (1.9ms)
Completed 200 OK in 55ms (Views: 53.1ms | ActiveRecord: 0.1ms)


Started GET "/assets/application.css?body=1" for 127.0.0.1 at 2013-11-24 11:28:20 +0530
Served asset /application.css - 200 OK (0ms)


Started GET "/assets/scaffolds.css?body=1" for 127.0.0.1 at 2013-11-24 11:28:20 +0530
Served asset /scaffolds.css - 200 OK (0ms)


Started GET "/assets/jquery_ujs.js?body=1" for 127.0.0.1 at 2013-11-24 11:28:20 +0530
Served asset /jquery_ujs.js - 200 OK (0ms)


Started GET "/assets/posts.js?body=1" for 127.0.0.1 at 2013-11-24 11:28:20 +0530
Served asset /posts.js - 200 OK (0ms)


Started GET "/assets/jquery.js?body=1" for 127.0.0.1 at 2013-11-24 11:28:20 +0530
Served asset /jquery.js - 200 OK (2ms)


Started GET "/assets/posts.css?body=1" for 127.0.0.1 at 2013-11-24 11:28:20 +0530
Served asset /posts.css - 200 OK (0ms)


Started GET "/assets/application.js?body=1" for 127.0.0.1 at 2013-11-24 11:28:20 +0530
Served asset /application.js - 200 OK (2ms)


Started GET "/posts" for 127.0.0.1 at 2013-11-24 11:28:25 +0530
Processing by PostsController#index as HTML
  [1m[35mPost Load (0.2ms)[0m  SELECT `posts`.* FROM `posts` 
  Rendered posts/index.html.erb within layouts/application (1.6ms)
Completed 200 OK in 16ms (Views: 13.5ms | ActiveRecord: 0.2ms)


Started GET "/assets/application.css?body=1" for 127.0.0.1 at 2013-11-24 11:28:25 +0530
Served asset /application.css - 200 OK (0ms)


Started GET "/assets/jquery_ujs.js?body=1" for 127.0.0.1 at 2013-11-24 11:28:25 +0530
Served asset /jquery_ujs.js - 200 OK (0ms)


Started GET "/assets/jquery.js?body=1" for 127.0.0.1 at 2013-11-24 11:28:25 +0530
Served asset /jquery.js - 200 OK (2ms)


Started GET "/assets/posts.js?body=1" for 127.0.0.1 at 2013-11-24 11:28:25 +0530
Served asset /posts.js - 200 OK (0ms)


Started GET "/assets/scaffolds.css?body=1" for 127.0.0.1 at 2013-11-24 11:28:25 +0530
Served asset /scaffolds.css - 200 OK (0ms)


Started GET "/assets/posts.css?body=1" for 127.0.0.1 at 2013-11-24 11:28:25 +0530
Served asset /posts.css - 200 OK (0ms)


Started GET "/assets/application.js?body=1" for 127.0.0.1 at 2013-11-24 11:28:25 +0530
Served asset /application.js - 200 OK (2ms)


Started GET "/posts/update_time" for 127.0.0.1 at 2013-11-24 11:28:26 +0530
Processing by PostsController#update_time as JS
  Rendered inline template (0.3ms)
  Rendered posts/update_time.js.erb (1.3ms)
Completed 200 OK in 4ms (Views: 3.5ms | ActiveRecord: 0.0ms)


Started GET "/posts/update_time" for 127.0.0.1 at 2013-11-24 11:28:28 +0530
Processing by PostsController#update_time as JS
  Rendered inline template (0.6ms)
  Rendered posts/update_time.js.erb (1.2ms)
Completed 200 OK in 5ms (Views: 4.3ms | ActiveRecord: 0.0ms)


Started GET "/posts/update_time" for 127.0.0.1 at 2013-11-24 11:28:28 +0530
Processing by PostsController#update_time as JS
  Rendered inline template (0.6ms)
  Rendered posts/update_time.js.erb (1.2ms)
Completed 200 OK in 5ms (Views: 4.4ms | ActiveRecord: 0.0ms)


Started GET "/posts/update_time" for 127.0.0.1 at 2013-11-24 11:28:29 +0530
Processing by PostsController#update_time as JS
  Rendered inline template (0.3ms)
  Rendered posts/update_time.js.erb (0.6ms)
Completed 200 OK in 4ms (Views: 3.5ms | ActiveRecord: 0.0ms)


Started GET "/posts/update_time" for 127.0.0.1 at 2013-11-24 11:28:29 +0530
Processing by PostsController#update_time as JS
  Rendered inline template (0.3ms)
  Rendered posts/update_time.js.erb (0.6ms)
Completed 200 OK in 3ms (Views: 3.0ms | ActiveRecord: 0.0ms)


Started GET "/posts/update_time" for 127.0.0.1 at 2013-11-24 11:28:30 +0530
Processing by PostsController#update_time as JS
  Rendered inline template (0.4ms)
  Rendered posts/update_time.js.erb (0.8ms)
Completed 200 OK in 3ms (Views: 2.3ms | ActiveRecord: 0.0ms)


Started GET "/posts/update_time" for 127.0.0.1 at 2013-11-24 11:28:30 +0530
Processing by PostsController#update_time as JS
  Rendered inline template (0.6ms)
  Rendered posts/update_time.js.erb (1.2ms)
Completed 200 OK in 5ms (Views: 4.3ms | ActiveRecord: 0.0ms)


Started GET "/posts/update_time" for 127.0.0.1 at 2013-11-24 11:28:30 +0530
Processing by PostsController#update_time as JS
  Rendered inline template (0.6ms)
  Rendered posts/update_time.js.erb (1.2ms)
Completed 200 OK in 5ms (Views: 4.3ms | ActiveRecord: 0.0ms)


Started GET "/posts/update_time" for 127.0.0.1 at 2013-11-24 11:28:31 +0530
Processing by PostsController#update_time as JS
  Rendered inline template (0.6ms)
  Rendered posts/update_time.js.erb (1.2ms)
Completed 200 OK in 5ms (Views: 4.3ms | ActiveRecord: 0.0ms)


Started GET "/posts/update_time" for 127.0.0.1 at 2013-11-24 11:28:31 +0530
Processing by PostsController#update_time as JS
  Rendered inline template (0.6ms)
  Rendered posts/update_time.js.erb (1.0ms)
Completed 200 OK in 4ms (Views: 4.0ms | ActiveRecord: 0.0ms)


Started GET "/posts/update_time" for 127.0.0.1 at 2013-11-24 11:28:32 +0530
Processing by PostsController#update_time as JS
  Rendered inline template (0.3ms)
  Rendered posts/update_time.js.erb (0.6ms)
Completed 200 OK in 4ms (Views: 3.6ms | ActiveRecord: 0.0ms)


Started GET "/posts/new" for 127.0.0.1 at 2013-11-24 11:29:33 +0530
Processing by PostsController#new as HTML
  Rendered posts/_form.html.erb (2.5ms)
  Rendered posts/new.html.erb within layouts/application (3.9ms)
Completed 200 OK in 17ms (Views: 16.1ms | ActiveRecord: 0.0ms)


Started GET "/posts" for 127.0.0.1 at 2013-11-24 11:30:24 +0530
Processing by PostsController#index as HTML
  [1m[36mPost Load (0.2ms)[0m  [1mSELECT `posts`.* FROM `posts` [0m
  Rendered posts/index.html.erb within layouts/application (3.8ms)
Completed 200 OK in 55ms (Views: 52.8ms | ActiveRecord: 0.2ms)


Started GET "/posts/update_time" for 127.0.0.1 at 2013-11-24 11:30:28 +0530
Processing by PostsController#update_time as JS
  Rendered inline template (0.7ms)
  Rendered posts/update_time.js.erb (1.2ms)
Completed 200 OK in 5ms (Views: 4.4ms | ActiveRecord: 0.0ms)


Started GET "/posts/update_time" for 127.0.0.1 at 2013-11-24 11:30:32 +0530
Processing by PostsController#update_time as JS
  Rendered inline template (0.3ms)
  Rendered posts/update_time.js.erb (0.6ms)
Completed 200 OK in 2ms (Views: 1.9ms | ActiveRecord: 0.0ms)


Started GET "/posts/update_time" for 127.0.0.1 at 2013-11-24 11:30:32 +0530
Processing by PostsController#update_time as JS
  Rendered inline template (0.6ms)
  Rendered posts/update_time.js.erb (1.2ms)
Completed 200 OK in 5ms (Views: 4.3ms | ActiveRecord: 0.0ms)


Started GET "/posts/update_time" for 127.0.0.1 at 2013-11-24 11:30:33 +0530
Processing by PostsController#update_time as JS
  Rendered inline template (0.6ms)
  Rendered posts/update_time.js.erb (1.2ms)
Completed 200 OK in 5ms (Views: 4.3ms | ActiveRecord: 0.0ms)


Started GET "/posts/update_time" for 127.0.0.1 at 2013-11-24 11:30:34 +0530
Processing by PostsController#update_time as JS
  Rendered inline template (0.7ms)
  Rendered posts/update_time.js.erb (1.2ms)
Completed 200 OK in 5ms (Views: 4.4ms | ActiveRecord: 0.0ms)


Started GET "/posts/update_time" for 127.0.0.1 at 2013-11-24 11:30:34 +0530
Processing by PostsController#update_time as JS
  Rendered inline template (0.6ms)
  Rendered posts/update_time.js.erb (1.2ms)
Completed 200 OK in 5ms (Views: 4.3ms | ActiveRecord: 0.0ms)
Connecting to database specified by database.yml


Started GET "/posts" for 127.0.0.1 at 2013-11-24 11:33:03 +0530
Processing by PostsController#index as HTML
  [1m[36mPost Load (0.2ms)[0m  [1mSELECT `posts`.* FROM `posts` [0m
  Rendered posts/index.html.erb within layouts/application (5.1ms)
Completed 200 OK in 119ms (Views: 63.3ms | ActiveRecord: 2.3ms)


Started GET "/assets/application.css?body=1" for 127.0.0.1 at 2013-11-24 11:33:03 +0530
Served asset /application.css - 304 Not Modified (10ms)


Started GET "/assets/scaffolds.css?body=1" for 127.0.0.1 at 2013-11-24 11:33:03 +0530
Served asset /scaffolds.css - 304 Not Modified (2ms)


Started GET "/assets/posts.css?body=1" for 127.0.0.1 at 2013-11-24 11:33:03 +0530
Served asset /posts.css - 304 Not Modified (1ms)


Started GET "/assets/posts.js?body=1" for 127.0.0.1 at 2013-11-24 11:33:03 +0530
Served asset /posts.js - 304 Not Modified (1ms)


Started GET "/assets/application.js?body=1" for 127.0.0.1 at 2013-11-24 11:33:03 +0530
Served asset /application.js - 304 Not Modified (5ms)


Started GET "/posts/update_time" for 127.0.0.1 at 2013-11-24 11:33:07 +0530
Processing by PostsController#update_time as JS
  Rendered inline template (0.3ms)
  Rendered posts/update_time.js.erb (1.0ms)
Completed 200 OK in 3ms (Views: 2.5ms | ActiveRecord: 0.0ms)


Started GET "/posts/update_time" for 127.0.0.1 at 2013-11-24 11:33:08 +0530
Processing by PostsController#update_time as JS
  Rendered inline template (0.3ms)
  Rendered posts/update_time.js.erb (0.6ms)
Completed 200 OK in 3ms (Views: 2.2ms | ActiveRecord: 0.0ms)


Started GET "/posts/update_time" for 127.0.0.1 at 2013-11-24 11:33:08 +0530
Processing by PostsController#update_time as JS
  Rendered inline template (0.4ms)
  Rendered posts/update_time.js.erb (0.8ms)
Completed 200 OK in 3ms (Views: 3.0ms | ActiveRecord: 0.0ms)
Connecting to database specified by database.yml


Started GET "/posts" for 127.0.0.1 at 2013-11-24 11:51:30 +0530
Processing by PostsController#index as HTML
  [1m[36mPost Load (0.2ms)[0m  [1mSELECT `posts`.* FROM `posts` [0m
  Rendered posts/index.html.erb within layouts/application (33.0ms)
Completed 200 OK in 145ms (Views: 61.6ms | ActiveRecord: 2.4ms)


Started GET "/assets/application.css?body=1" for 127.0.0.1 at 2013-11-24 11:51:31 +0530
Served asset /application.css - 304 Not Modified (11ms)


Started GET "/assets/posts.js?body=1" for 127.0.0.1 at 2013-11-24 11:51:31 +0530
Served asset /posts.js - 304 Not Modified (2ms)


Started GET "/assets/scaffolds.css?body=1" for 127.0.0.1 at 2013-11-24 11:51:31 +0530
Served asset /scaffolds.css - 304 Not Modified (1ms)


Started GET "/assets/application.js?body=1" for 127.0.0.1 at 2013-11-24 11:51:31 +0530
Served asset /application.js - 304 Not Modified (8ms)


Started GET "/assets/posts.css?body=1" for 127.0.0.1 at 2013-11-24 11:51:31 +0530
Served asset /posts.css - 304 Not Modified (2ms)


Started GET "/posts/update_time" for 127.0.0.1 at 2013-11-24 11:51:37 +0530
Processing by PostsController#update_time as JS
  Rendered inline template (0.2ms)
  Rendered posts/update_time.js.erb (1.0ms)
Completed 200 OK in 3ms (Views: 2.6ms | ActiveRecord: 0.0ms)


Started GET "/posts/update_time" for 127.0.0.1 at 2013-11-24 11:51:57 +0530
Processing by PostsController#update_time as JS
  Rendered inline template (0.7ms)
  Rendered posts/update_time.js.erb (1.3ms)
Completed 200 OK in 5ms (Views: 4.4ms | ActiveRecord: 0.0ms)


Started GET "/posts/update_time" for 127.0.0.1 at 2013-11-24 11:52:00 +0530
Processing by PostsController#update_time as JS
  Rendered inline template (0.3ms)
  Rendered posts/update_time.js.erb (0.6ms)
Completed 200 OK in 2ms (Views: 2.1ms | ActiveRecord: 0.0ms)


Started GET "/posts/update_time" for 127.0.0.1 at 2013-11-24 11:52:01 +0530
Processing by PostsController#update_time as JS
  Rendered inline template (0.7ms)
  Rendered posts/update_time.js.erb (1.2ms)
Completed 200 OK in 5ms (Views: 4.5ms | ActiveRecord: 0.0ms)


Started GET "/posts/update_time" for 127.0.0.1 at 2013-11-24 11:52:02 +0530
Processing by PostsController#update_time as JS
  Rendered inline template (0.7ms)
  Rendered posts/update_time.js.erb (1.2ms)
Completed 200 OK in 5ms (Views: 4.4ms | ActiveRecord: 0.0ms)


Started GET "/posts/update_time" for 127.0.0.1 at 2013-11-24 11:52:04 +0530
Processing by PostsController#update_time as JS
  Rendered inline template (0.7ms)
  Rendered posts/update_time.js.erb (1.2ms)
Completed 200 OK in 5ms (Views: 4.4ms | ActiveRecord: 0.0ms)


Started GET "/posts/update_time" for 127.0.0.1 at 2013-11-24 11:52:05 +0530
Processing by PostsController#update_time as JS
  Rendered inline template (0.5ms)
  Rendered posts/update_time.js.erb (0.9ms)
Completed 200 OK in 4ms (Views: 3.9ms | ActiveRecord: 0.0ms)


Started GET "/posts/update_time" for 127.0.0.1 at 2013-11-24 11:52:06 +0530
Processing by PostsController#update_time as JS
  Rendered inline template (0.3ms)
  Rendered posts/update_time.js.erb (0.6ms)
Completed 200 OK in 2ms (Views: 2.0ms | ActiveRecord: 0.0ms)


Started GET "/posts/update_time" for 127.0.0.1 at 2013-11-24 11:52:06 +0530
Processing by PostsController#update_time as JS
  Rendered inline template (0.3ms)
  Rendered posts/update_time.js.erb (0.6ms)
Completed 200 OK in 2ms (Views: 2.0ms | ActiveRecord: 0.0ms)


Started GET "/posts/update_time" for 127.0.0.1 at 2013-11-24 11:52:07 +0530
Processing by PostsController#update_time as JS
  Rendered inline template (0.3ms)
  Rendered posts/update_time.js.erb (0.6ms)
Completed 200 OK in 2ms (Views: 2.0ms | ActiveRecord: 0.0ms)


Started GET "/posts/update_time" for 127.0.0.1 at 2013-11-24 11:52:08 +0530
Processing by PostsController#update_time as JS
  Rendered inline template (0.7ms)
  Rendered posts/update_time.js.erb (1.3ms)
Completed 200 OK in 5ms (Views: 4.5ms | ActiveRecord: 0.0ms)


Started GET "/posts/update_time" for 127.0.0.1 at 2013-11-24 11:52:08 +0530
Processing by PostsController#update_time as JS
  Rendered inline template (0.3ms)
  Rendered posts/update_time.js.erb (0.7ms)
Completed 200 OK in 2ms (Views: 2.1ms | ActiveRecord: 0.0ms)


Started GET "/posts/update_time" for 127.0.0.1 at 2013-11-24 11:52:09 +0530
Processing by PostsController#update_time as JS
  Rendered inline template (0.7ms)
  Rendered posts/update_time.js.erb (1.3ms)
Completed 200 OK in 5ms (Views: 4.6ms | ActiveRecord: 0.0ms)


Started GET "/posts" for 127.0.0.1 at 2013-11-24 11:52:24 +0530
Processing by PostsController#index as HTML
  [1m[35mPost Load (0.2ms)[0m  SELECT `posts`.* FROM `posts` 
  Rendered posts/index.html.erb within layouts/application (1.7ms)
Completed 200 OK in 18ms (Views: 16.2ms | ActiveRecord: 0.2ms)


Started GET "/assets/application.css?body=1" for 127.0.0.1 at 2013-11-24 11:52:25 +0530
Served asset /application.css - 304 Not Modified (0ms)


Started GET "/assets/scaffolds.css?body=1" for 127.0.0.1 at 2013-11-24 11:52:25 +0530
Served asset /scaffolds.css - 304 Not Modified (0ms)


Started GET "/assets/application.js?body=1" for 127.0.0.1 at 2013-11-24 11:52:25 +0530
Served asset /application.js - 304 Not Modified (0ms)


Started GET "/assets/posts.js?body=1" for 127.0.0.1 at 2013-11-24 11:52:25 +0530
Served asset /posts.js - 304 Not Modified (0ms)


Started GET "/assets/posts.css?body=1" for 127.0.0.1 at 2013-11-24 11:52:25 +0530
Served asset /posts.css - 304 Not Modified (0ms)


Started GET "/posts/update_time" for 127.0.0.1 at 2013-11-24 11:52:33 +0530
Processing by PostsController#update_time as JS
  Rendered inline template (0.6ms)
  Rendered posts/update_time.js.erb (1.2ms)
Completed 200 OK in 5ms (Views: 4.2ms | ActiveRecord: 0.0ms)


Started GET "/posts/update_time" for 127.0.0.1 at 2013-11-24 11:52:53 +0530
Processing by PostsController#update_time as JS
  Rendered inline template (0.3ms)
  Rendered posts/update_time.js.erb (0.6ms)
Completed 200 OK in 2ms (Views: 2.0ms | ActiveRecord: 0.0ms)


Started GET "/posts/update_time" for 127.0.0.1 at 2013-11-24 11:53:00 +0530
Processing by PostsController#update_time as JS
  Rendered inline template (0.6ms)
  Rendered posts/update_time.js.erb (1.0ms)
Completed 200 OK in 40ms (Views: 39.5ms | ActiveRecord: 0.0ms)


Started GET "/posts/update_time" for 127.0.0.1 at 2013-11-24 11:53:02 +0530
Processing by PostsController#update_time as JS
  Rendered inline template (0.7ms)
  Rendered posts/update_time.js.erb (1.2ms)
Completed 200 OK in 5ms (Views: 4.3ms | ActiveRecord: 0.0ms)


Started GET "/posts/update_time" for 127.0.0.1 at 2013-11-24 11:53:02 +0530
Processing by PostsController#update_time as JS
  Rendered inline template (0.3ms)
  Rendered posts/update_time.js.erb (0.6ms)
Completed 200 OK in 2ms (Views: 2.0ms | ActiveRecord: 0.0ms)


Started GET "/posts/update_time" for 127.0.0.1 at 2013-11-24 11:53:03 +0530
Processing by PostsController#update_time as JS
  Rendered inline template (0.3ms)
  Rendered posts/update_time.js.erb (0.7ms)
Completed 200 OK in 3ms (Views: 3.0ms | ActiveRecord: 0.0ms)


Started GET "/posts/update_time" for 127.0.0.1 at 2013-11-24 11:53:03 +0530
Processing by PostsController#update_time as JS
  Rendered inline template (0.6ms)
  Rendered posts/update_time.js.erb (1.2ms)
Completed 200 OK in 5ms (Views: 4.3ms | ActiveRecord: 0.0ms)


Started GET "/posts/update_time" for 127.0.0.1 at 2013-11-24 11:53:03 +0530
Processing by PostsController#update_time as JS
  Rendered inline template (0.8ms)
  Rendered posts/update_time.js.erb (1.3ms)
Completed 200 OK in 5ms (Views: 4.5ms | ActiveRecord: 0.0ms)


Started GET "/posts/update_time" for 127.0.0.1 at 2013-11-24 11:53:04 +0530
Processing by PostsController#update_time as JS
  Rendered inline template (0.5ms)
  Rendered posts/update_time.js.erb (1.0ms)
Completed 200 OK in 4ms (Views: 3.2ms | ActiveRecord: 0.0ms)


Started GET "/posts/update_time" for 127.0.0.1 at 2013-11-24 11:53:04 +0530
Processing by PostsController#update_time as JS
  Rendered inline template (0.6ms)
  Rendered posts/update_time.js.erb (1.2ms)
Completed 200 OK in 5ms (Views: 4.3ms | ActiveRecord: 0.0ms)


Started GET "/posts/update_time" for 127.0.0.1 at 2013-11-24 11:53:04 +0530
Processing by PostsController#update_time as JS
  Rendered inline template (0.3ms)
  Rendered posts/update_time.js.erb (0.6ms)
Completed 200 OK in 4ms (Views: 3.1ms | ActiveRecord: 0.0ms)


Started GET "/posts/update_time" for 127.0.0.1 at 2013-11-24 11:53:04 +0530
Processing by PostsController#update_time as JS
  Rendered inline template (0.7ms)
  Rendered posts/update_time.js.erb (1.3ms)
Completed 200 OK in 5ms (Views: 4.6ms | ActiveRecord: 0.0ms)


Started GET "/posts/update_time" for 127.0.0.1 at 2013-11-24 11:53:04 +0530
Processing by PostsController#update_time as JS
  Rendered inline template (0.3ms)
  Rendered posts/update_time.js.erb (0.6ms)
Completed 200 OK in 4ms (Views: 3.5ms | ActiveRecord: 0.0ms)


Started GET "/posts/update_time" for 127.0.0.1 at 2013-11-24 11:53:05 +0530
Processing by PostsController#update_time as JS
  Rendered inline template (0.5ms)
  Rendered posts/update_time.js.erb (0.9ms)
Completed 200 OK in 4ms (Views: 3.9ms | ActiveRecord: 0.0ms)


Started GET "/posts/update_time" for 127.0.0.1 at 2013-11-24 11:53:05 +0530
Processing by PostsController#update_time as JS
  Rendered inline template (0.6ms)
  Rendered posts/update_time.js.erb (1.2ms)
Completed 200 OK in 5ms (Views: 4.3ms | ActiveRecord: 0.0ms)


Started GET "/posts/update_time" for 127.0.0.1 at 2013-11-24 11:53:05 +0530
Processing by PostsController#update_time as JS
  Rendered inline template (0.6ms)
  Rendered posts/update_time.js.erb (1.2ms)
Completed 200 OK in 5ms (Views: 4.2ms | ActiveRecord: 0.0ms)


Started GET "/posts/update_time" for 127.0.0.1 at 2013-11-24 11:53:05 +0530
Processing by PostsController#update_time as JS
  Rendered inline template (0.6ms)
  Rendered posts/update_time.js.erb (1.1ms)
Completed 200 OK in 5ms (Views: 4.2ms | ActiveRecord: 0.0ms)


Started GET "/posts/update_time" for 127.0.0.1 at 2013-11-24 11:53:05 +0530
Processing by PostsController#update_time as JS
  Rendered inline template (0.3ms)
  Rendered posts/update_time.js.erb (0.6ms)
Completed 200 OK in 3ms (Views: 2.8ms | ActiveRecord: 0.0ms)


Started GET "/posts/update_time" for 127.0.0.1 at 2013-11-24 11:53:06 +0530
Processing by PostsController#update_time as JS
  Rendered inline template (0.3ms)
  Rendered posts/update_time.js.erb (0.6ms)
Completed 200 OK in 2ms (Views: 2.0ms | ActiveRecord: 0.0ms)


Started GET "/posts/update_time" for 127.0.0.1 at 2013-11-24 11:53:06 +0530
Processing by PostsController#update_time as JS
  Rendered inline template (0.3ms)
  Rendered posts/update_time.js.erb (0.7ms)
Completed 200 OK in 4ms (Views: 3.6ms | ActiveRecord: 0.0ms)


Started GET "/posts/update_time" for 127.0.0.1 at 2013-11-24 11:53:06 +0530
Processing by PostsController#update_time as JS
  Rendered inline template (0.3ms)
  Rendered posts/update_time.js.erb (0.7ms)
Completed 200 OK in 2ms (Views: 2.1ms | ActiveRecord: 0.0ms)


Started GET "/posts/update_time" for 127.0.0.1 at 2013-11-24 11:53:06 +0530
Processing by PostsController#update_time as JS
  Rendered inline template (0.3ms)
  Rendered posts/update_time.js.erb (0.6ms)
Completed 200 OK in 4ms (Views: 3.3ms | ActiveRecord: 0.0ms)


Started GET "/posts/update_time" for 127.0.0.1 at 2013-11-24 11:53:06 +0530
Processing by PostsController#update_time as JS
  Rendered inline template (0.6ms)
  Rendered posts/update_time.js.erb (0.9ms)
Completed 200 OK in 4ms (Views: 4.0ms | ActiveRecord: 0.0ms)


Started GET "/posts/update_time" for 127.0.0.1 at 2013-11-24 11:53:06 +0530
Processing by PostsController#update_time as JS
  Rendered inline template (0.7ms)
  Rendered posts/update_time.js.erb (1.2ms)
Completed 200 OK in 5ms (Views: 4.4ms | ActiveRecord: 0.0ms)


Started GET "/posts/update_time" for 127.0.0.1 at 2013-11-24 11:53:07 +0530
Processing by PostsController#update_time as JS
  Rendered inline template (0.3ms)
  Rendered posts/update_time.js.erb (0.6ms)
Completed 200 OK in 2ms (Views: 1.9ms | ActiveRecord: 0.0ms)


Started GET "/posts/update_time" for 127.0.0.1 at 2013-11-24 11:53:07 +0530
Processing by PostsController#update_time as JS
  Rendered inline template (0.6ms)
  Rendered posts/update_time.js.erb (1.2ms)
Completed 200 OK in 5ms (Views: 4.4ms | ActiveRecord: 0.0ms)


Started GET "/posts/update_time" for 127.0.0.1 at 2013-11-24 11:53:07 +0530
Processing by PostsController#update_time as JS
  Rendered inline template (0.3ms)
  Rendered posts/update_time.js.erb (0.6ms)
Completed 200 OK in 3ms (Views: 2.7ms | ActiveRecord: 0.0ms)


Started GET "/posts/update_time" for 127.0.0.1 at 2013-11-24 11:53:07 +0530
Processing by PostsController#update_time as JS
  Rendered inline template (0.7ms)
  Rendered posts/update_time.js.erb (1.1ms)
Completed 200 OK in 5ms (Views: 4.1ms | ActiveRecord: 0.0ms)


Started GET "/posts/update_time" for 127.0.0.1 at 2013-11-24 11:53:08 +0530
Processing by PostsController#update_time as JS
  Rendered inline template (0.6ms)
  Rendered posts/update_time.js.erb (1.2ms)
Completed 200 OK in 5ms (Views: 4.4ms | ActiveRecord: 0.0ms)


Started GET "/posts/update_time" for 127.0.0.1 at 2013-11-24 11:53:08 +0530
Processing by PostsController#update_time as JS
  Rendered inline template (0.6ms)
  Rendered posts/update_time.js.erb (1.2ms)
Completed 200 OK in 5ms (Views: 4.2ms | ActiveRecord: 0.0ms)


Started GET "/posts/update_time" for 127.0.0.1 at 2013-11-24 11:53:08 +0530
Processing by PostsController#update_time as JS
  Rendered inline template (0.3ms)
  Rendered posts/update_time.js.erb (0.6ms)
Completed 200 OK in 2ms (Views: 2.0ms | ActiveRecord: 0.0ms)


Started GET "/posts/update_time" for 127.0.0.1 at 2013-11-24 11:53:09 +0530
Processing by PostsController#update_time as JS
  Rendered inline template (0.4ms)
  Rendered posts/update_time.js.erb (0.8ms)
Completed 200 OK in 4ms (Views: 3.7ms | ActiveRecord: 0.0ms)
  [1m[36m (212.5ms)[0m  [1mCREATE TABLE "schema_migrations" ("version" varchar(255) NOT NULL) [0m
  [1m[35m (199.8ms)[0m  CREATE UNIQUE INDEX "unique_schema_migrations" ON "schema_migrations" ("version")
  [1m[36mActiveRecord::SchemaMigration Load (0.3ms)[0m  [1mSELECT "schema_migrations".* FROM "schema_migrations"[0m
Migrating to CreatePosts (20131124051920)
  [1m[35m (0.2ms)[0m  begin transaction
  [1m[36m (0.8ms)[0m  [1mCREATE TABLE "posts" ("id" INTEGER PRIMARY KEY AUTOINCREMENT NOT NULL, "title" varchar(255), "content" text, "created_at" datetime, "updated_at" datetime) [0m
  [1m[35mSQL (3.0ms)[0m  INSERT INTO "schema_migrations" ("version") VALUES (?)  [["version", "20131124051920"]]
  [1m[36m (167.4ms)[0m  [1mcommit transaction[0m
  [1m[35mActiveRecord::SchemaMigration Load (0.1ms)[0m  SELECT "schema_migrations".* FROM "schema_migrations"
DEPRECATION WARNING: You didn't set config.secret_key_base. Read the upgrade documentation to learn more about this new config option. (called from service at /home/lalit/.rvm/rubies/ruby-1.9.3-p374/lib/ruby/1.9.1/webrick/httpserver.rb:138)


Started GET "/assets/rails.png" for 127.0.0.1 at 2013-11-24 12:41:30 +0530


Started GET "/posts" for 127.0.0.1 at 2013-11-24 12:41:36 +0530
Processing by PostsController#index as HTML
Completed 500 Internal Server Error in 2ms

RuntimeError (`attr_accessible` is extracted out of Rails into a gem. Please use new recommended protection model for params(strong_parameters) or add `protected_attributes` to your Gemfile to use old one.):
  app/models/post.rb:2:in `<class:Post>'
  app/models/post.rb:1:in `<top (required)>'
  app/controllers/posts_controller.rb:5:in `index'


  Rendered /home/lalit/.rvm/gems/ruby-1.9.3-p374/gems/actionpack-4.0.0/lib/action_dispatch/middleware/templates/rescues/_source.erb (0.7ms)
  Rendered /home/lalit/.rvm/gems/ruby-1.9.3-p374/gems/actionpack-4.0.0/lib/action_dispatch/middleware/templates/rescues/_trace.erb (1.2ms)
  Rendered /home/lalit/.rvm/gems/ruby-1.9.3-p374/gems/actionpack-4.0.0/lib/action_dispatch/middleware/templates/rescues/_request_and_response.erb (1.5ms)
  Rendered /home/lalit/.rvm/gems/ruby-1.9.3-p374/gems/actionpack-4.0.0/lib/action_dispatch/middleware/templates/rescues/diagnostics.erb within rescues/layout (19.4ms)


Started GET "/post" for 127.0.0.1 at 2013-11-24 12:41:39 +0530

ActionController::RoutingError (No route matches [GET] "/post"):
  actionpack (4.0.0) lib/action_dispatch/middleware/debug_exceptions.rb:21:in `call'
  actionpack (4.0.0) lib/action_dispatch/middleware/show_exceptions.rb:30:in `call'
  railties (4.0.0) lib/rails/rack/logger.rb:38:in `call_app'
  railties (4.0.0) lib/rails/rack/logger.rb:21:in `block in call'
  activesupport (4.0.0) lib/active_support/tagged_logging.rb:67:in `block in tagged'
  activesupport (4.0.0) lib/active_support/tagged_logging.rb:25:in `tagged'
  activesupport (4.0.0) lib/active_support/tagged_logging.rb:67:in `tagged'
  railties (4.0.0) lib/rails/rack/logger.rb:21:in `call'
  actionpack (4.0.0) lib/action_dispatch/middleware/request_id.rb:21:in `call'
  rack (1.5.2) lib/rack/methodoverride.rb:21:in `call'
  rack (1.5.2) lib/rack/runtime.rb:17:in `call'
  activesupport (4.0.0) lib/active_support/cache/strategy/local_cache.rb:83:in `call'
  rack (1.5.2) lib/rack/lock.rb:17:in `call'
  actionpack (4.0.0) lib/action_dispatch/middleware/static.rb:64:in `call'
  railties (4.0.0) lib/rails/engine.rb:511:in `call'
  railties (4.0.0) lib/rails/application.rb:97:in `call'
  rack (1.5.2) lib/rack/lock.rb:17:in `call'
  rack (1.5.2) lib/rack/content_length.rb:14:in `call'
  rack (1.5.2) lib/rack/handler/webrick.rb:60:in `service'
  /home/lalit/.rvm/rubies/ruby-1.9.3-p374/lib/ruby/1.9.1/webrick/httpserver.rb:138:in `service'
  /home/lalit/.rvm/rubies/ruby-1.9.3-p374/lib/ruby/1.9.1/webrick/httpserver.rb:94:in `run'
  /home/lalit/.rvm/rubies/ruby-1.9.3-p374/lib/ruby/1.9.1/webrick/server.rb:191:in `block in start_thread'


  Rendered /home/lalit/.rvm/gems/ruby-1.9.3-p374/gems/actionpack-4.0.0/lib/action_dispatch/middleware/templates/rescues/_trace.erb (1.4ms)
  Rendered /home/lalit/.rvm/gems/ruby-1.9.3-p374/gems/actionpack-4.0.0/lib/action_dispatch/middleware/templates/routes/_route.html.erb (2.1ms)
  Rendered /home/lalit/.rvm/gems/ruby-1.9.3-p374/gems/actionpack-4.0.0/lib/action_dispatch/middleware/templates/routes/_table.html.erb (23.6ms)
  Rendered /home/lalit/.rvm/gems/ruby-1.9.3-p374/gems/actionpack-4.0.0/lib/action_dispatch/middleware/templates/rescues/routing_error.erb within rescues/layout (169.2ms)


Started GET "/posts" for 127.0.0.1 at 2013-11-24 12:41:43 +0530
Processing by PostsController#index as HTML
Completed 500 Internal Server Error in 34ms

RuntimeError (`attr_accessible` is extracted out of Rails into a gem. Please use new recommended protection model for params(strong_parameters) or add `protected_attributes` to your Gemfile to use old one.):
  app/models/post.rb:2:in `<class:Post>'
  app/models/post.rb:1:in `<top (required)>'
  app/controllers/posts_controller.rb:5:in `index'


  Rendered /home/lalit/.rvm/gems/ruby-1.9.3-p374/gems/actionpack-4.0.0/lib/action_dispatch/middleware/templates/rescues/_source.erb (0.7ms)
  Rendered /home/lalit/.rvm/gems/ruby-1.9.3-p374/gems/actionpack-4.0.0/lib/action_dispatch/middleware/templates/rescues/_trace.erb (1.2ms)
  Rendered /home/lalit/.rvm/gems/ruby-1.9.3-p374/gems/actionpack-4.0.0/lib/action_dispatch/middleware/templates/rescues/_request_and_response.erb (1.3ms)
  Rendered /home/lalit/.rvm/gems/ruby-1.9.3-p374/gems/actionpack-4.0.0/lib/action_dispatch/middleware/templates/rescues/diagnostics.erb within rescues/layout (13.1ms)
DEPRECATION WARNING: You didn't set config.secret_key_base. Read the upgrade documentation to learn more about this new config option. (called from service at /home/lalit/.rvm/rubies/ruby-1.9.3-p374/lib/ruby/1.9.1/webrick/httpserver.rb:138)


Started GET "/posts" for 127.0.0.1 at 2013-11-24 12:45:36 +0530
Processing by PostsController#index as HTML
  [1m[36mPost Load (2.1ms)[0m  [1mSELECT "posts".* FROM "posts"[0m
  Rendered posts/index.html.erb within layouts/application (36.8ms)
Completed 200 OK in 314ms (Views: 309.3ms | ActiveRecord: 2.1ms)


Started GET "/assets/jquery.js?body=1" for 127.0.0.1 at 2013-11-24 12:45:37 +0530


Started GET "/assets/scaffolds.css?body=1" for 127.0.0.1 at 2013-11-24 12:45:37 +0530


Started GET "/assets/application.css?body=1" for 127.0.0.1 at 2013-11-24 12:45:37 +0530


Started GET "/assets/posts.css?body=1" for 127.0.0.1 at 2013-11-24 12:45:37 +0530


Started GET "/assets/jquery_ujs.js?body=1" for 127.0.0.1 at 2013-11-24 12:45:37 +0530


Started GET "/assets/posts.js?body=1" for 127.0.0.1 at 2013-11-24 12:45:37 +0530


Started GET "/assets/application.js?body=1" for 127.0.0.1 at 2013-11-24 12:45:37 +0530


Started GET "/posts/update_time" for 127.0.0.1 at 2013-11-24 12:45:39 +0530
Processing by PostsController#update_time as JS
  Rendered inline template (0.7ms)
  Rendered posts/update_time.js.erb (2.4ms)
Completed 200 OK in 6ms (Views: 5.7ms | ActiveRecord: 0.0ms)


Started GET "/posts/new" for 127.0.0.1 at 2013-11-24 12:45:41 +0530
Processing by PostsController#new as HTML
  Rendered posts/_form.html.erb (93.3ms)
  Rendered posts/new.html.erb within layouts/application (133.8ms)
Completed 200 OK in 142ms (Views: 138.8ms | ActiveRecord: 0.9ms)


Started POST "/posts" for 127.0.0.1 at 2013-11-24 12:45:51 +0530
Processing by PostsController#create as HTML
  Parameters: {"utf8"=>"✓", "authenticity_token"=>"gzu90ZQIbRJznELHtGSSqojqUeI9GVethZHVnkL2dI8=", "post"=>{"title"=>"test_one", "content"=>"hello test"}, "commit"=>"Create Post"}
  [1m[35m (0.1ms)[0m  begin transaction
  [1m[36mSQL (44.7ms)[0m  [1mINSERT INTO "posts" ("content", "created_at", "title", "updated_at") VALUES (?, ?, ?, ?)[0m  [["content", "hello test"], ["created_at", Sun, 24 Nov 2013 07:15:51 UTC +00:00], ["title", "test_one"], ["updated_at", Sun, 24 Nov 2013 07:15:51 UTC +00:00]]
  [1m[35m (215.4ms)[0m  commit transaction
Redirected to http://localhost:3000/posts/1
Completed 302 Found in 267ms (ActiveRecord: 260.3ms)


Started GET "/posts/1" for 127.0.0.1 at 2013-11-24 12:45:51 +0530
Processing by PostsController#show as HTML
  Parameters: {"id"=>"1"}
  [1m[36mPost Load (0.4ms)[0m  [1mSELECT "posts".* FROM "posts" WHERE "posts"."id" = ? LIMIT 1[0m  [["id", "1"]]
  Rendered posts/show.html.erb within layouts/application (2.1ms)
Completed 200 OK in 12ms (Views: 8.0ms | ActiveRecord: 0.4ms)


Started GET "/posts" for 127.0.0.1 at 2013-11-24 12:45:53 +0530
Processing by PostsController#index as HTML
  [1m[35mPost Load (0.2ms)[0m  SELECT "posts".* FROM "posts"
  Rendered posts/index.html.erb within layouts/application (2.1ms)
Completed 200 OK in 10ms (Views: 8.6ms | ActiveRecord: 0.2ms)


Started GET "/posts" for 127.0.0.1 at 2013-11-24 12:45:55 +0530
Processing by PostsController#index as HTML
  [1m[36mPost Load (0.2ms)[0m  [1mSELECT "posts".* FROM "posts"[0m
  Rendered posts/index.html.erb within layouts/application (1.7ms)
Completed 200 OK in 9ms (Views: 8.7ms | ActiveRecord: 0.2ms)


Started GET "/posts/update_time" for 127.0.0.1 at 2013-11-24 12:45:58 +0530
Processing by PostsController#update_time as JS
  Rendered inline template (0.7ms)
  Rendered posts/update_time.js.erb (1.5ms)
Completed 200 OK in 5ms (Views: 4.9ms | ActiveRecord: 0.0ms)


Started GET "/posts/update_time" for 127.0.0.1 at 2013-11-24 12:45:59 +0530
Processing by PostsController#update_time as JS
  Rendered inline template (0.4ms)
  Rendered posts/update_time.js.erb (0.7ms)
Completed 200 OK in 5ms (Views: 4.0ms | ActiveRecord: 0.0ms)
